[2026-03-24 23:14:52] INFO: MongoDB connected: ac-bhzwz6k-shard-00-00.xb1ttfl.mongodb.net | meta={"db":"test"}
[2026-03-24 23:17:11] INFO: MongoDB connected: ac-bhzwz6k-shard-00-00.xb1ttfl.mongodb.net | meta={"db":"test"}
[2026-03-24 23:17:11] INFO: Bull queue initialized | meta={"queue":"attendance-letters"}
[2026-03-24 23:17:11] INFO: Queue system ready
[2026-03-24 23:17:11] INFO: Server running on port 5001 | meta={"env":"development","port":"5001"}
[2026-03-24 23:23:10] INFO: User logged in | meta={"userId":"69c2cd83eada7a6de62af206","email":"anjali@school.edu","role":"teacher"}
[2026-03-24 23:24:32] INFO: File upload received | meta={"userId":"69c2cd83eada7a6de62af206","filename":"sample_attendance.csv","size":1088}
[2026-03-24 23:24:32] INFO: Sheet parsed | meta={"totalRows":10,"validStudents":10,"parseErrors":0,"belowThreshold":4}
[2026-03-24 23:24:32] INFO: Report saved to DB | meta={"reportId":"69c2cfd883e901c26159a98f","total":10,"below":4,"userId":"69c2cd83eada7a6de62af206"}
[2026-03-24 23:25:08] INFO: Processing letter job | meta={"jobId":"69c2cfd883e901c26159a98f-03","reportId":"69c2cfd883e901c26159a98f","rollNumber":"03"}
[2026-03-24 23:25:08] INFO: Processing letter job | meta={"jobId":"69c2cfd883e901c26159a98f-05","reportId":"69c2cfd883e901c26159a98f","rollNumber":"05"}
[2026-03-24 23:25:08] INFO: Letter jobs enqueued | meta={"reportId":"69c2cfd883e901c26159a98f","count":4,"teacherEmail":"hardikmahajan97@gmail.com"}
[2026-03-24 23:25:08] INFO: Letters dispatched | meta={"reportId":"69c2cfd883e901c26159a98f","queued":4,"teacherEmail":"hardikmahajan97@gmail.com","dispatchedBy":"69c2cd83eada7a6de62af206"}
[2026-03-24 23:25:08] INFO: Processing letter job | meta={"jobId":"69c2cfd883e901c26159a98f-07","reportId":"69c2cfd883e901c26159a98f","rollNumber":"07"}
[2026-03-24 23:25:08] ERROR: LaTeX compilation failed | meta={"filename":"letter_69c2cfd883e901c26159a98f_03","error":"spawn pdflatex ENOENT"}
[2026-03-24 23:25:08] ERROR: PDF generation failed | meta={"jobId":"69c2cfd883e901c26159a98f-03","rollNumber":"03","error":"PDF generation failed for letter_69c2cfd883e901c26159a98f_03: spawn pdflatex ENOENT"}
[2026-03-24 23:25:08] ERROR: LaTeX compilation failed | meta={"filename":"letter_69c2cfd883e901c26159a98f_05","error":"spawn pdflatex ENOENT"}
[2026-03-24 23:25:08] ERROR: PDF generation failed | meta={"jobId":"69c2cfd883e901c26159a98f-05","rollNumber":"05","error":"PDF generation failed for letter_69c2cfd883e901c26159a98f_05: spawn pdflatex ENOENT"}
[2026-03-24 23:25:08] ERROR: LaTeX compilation failed | meta={"filename":"letter_69c2cfd883e901c26159a98f_07","error":"spawn pdflatex ENOENT"}
[2026-03-24 23:25:08] ERROR: PDF generation failed | meta={"jobId":"69c2cfd883e901c26159a98f-07","rollNumber":"07","error":"PDF generation failed for letter_69c2cfd883e901c26159a98f_07: spawn pdflatex ENOENT"}
[2026-03-24 23:25:08] ERROR: Job failed | meta={"jobId":"69c2cfd883e901c26159a98f-03","attempt":1,"maxAttempts":3,"error":"PDF generation failed for letter_69c2cfd883e901c26159a98f_03: spawn pdflatex ENOENT","data":{"reportId":"69c2cfd883e901c26159a98f","rollNumber":"03","teacherEmail":"hardikmahajan97@gmail.com"}}
[2026-03-24 23:25:08] INFO: Processing letter job | meta={"jobId":"69c2cfd883e901c26159a98f-09","reportId":"69c2cfd883e901c26159a98f","rollNumber":"09"}
[2026-03-24 23:25:08] ERROR: Job failed | meta={"jobId":"69c2cfd883e901c26159a98f-05","attempt":1,"maxAttempts":3,"error":"PDF generation failed for letter_69c2cfd883e901c26159a98f_05: spawn pdflatex ENOENT","data":{"reportId":"69c2cfd883e901c26159a98f","rollNumber":"05","teacherEmail":"hardikmahajan97@gmail.com"}}
[2026-03-24 23:25:08] ERROR: Job failed | meta={"jobId":"69c2cfd883e901c26159a98f-07","attempt":1,"maxAttempts":3,"error":"PDF generation failed for letter_69c2cfd883e901c26159a98f_07: spawn pdflatex ENOENT","data":{"reportId":"69c2cfd883e901c26159a98f","rollNumber":"07","teacherEmail":"hardikmahajan97@gmail.com"}}
[2026-03-24 23:25:08] ERROR: LaTeX compilation failed | meta={"filename":"letter_69c2cfd883e901c26159a98f_09","error":"spawn pdflatex ENOENT"}
[2026-03-24 23:25:08] ERROR: PDF generation failed | meta={"jobId":"69c2cfd883e901c26159a98f-09","rollNumber":"09","error":"PDF generation failed for letter_69c2cfd883e901c26159a98f_09: spawn pdflatex ENOENT"}
[2026-03-24 23:25:08] ERROR: Job failed | meta={"jobId":"69c2cfd883e901c26159a98f-09","attempt":1,"maxAttempts":3,"error":"PDF generation failed for letter_69c2cfd883e901c26159a98f_09: spawn pdflatex ENOENT","data":{"reportId":"69c2cfd883e901c26159a98f","rollNumber":"09","teacherEmail":"hardikmahajan97@gmail.com"}}
[2026-03-24 23:25:13] INFO: Processing letter job | meta={"jobId":"69c2cfd883e901c26159a98f-03","reportId":"69c2cfd883e901c26159a98f","rollNumber":"03"}
[2026-03-24 23:25:13] INFO: Processing letter job | meta={"jobId":"69c2cfd883e901c26159a98f-05","reportId":"69c2cfd883e901c26159a98f","rollNumber":"05"}
[2026-03-24 23:25:13] INFO: Processing letter job | meta={"jobId":"69c2cfd883e901c26159a98f-07","reportId":"69c2cfd883e901c26159a98f","rollNumber":"07"}
[2026-03-24 23:25:13] ERROR: LaTeX compilation failed | meta={"filename":"letter_69c2cfd883e901c26159a98f_03","error":"spawn pdflatex ENOENT"}
[2026-03-24 23:25:13] ERROR: PDF generation failed | meta={"jobId":"69c2cfd883e901c26159a98f-03","rollNumber":"03","error":"PDF generation failed for letter_69c2cfd883e901c26159a98f_03: spawn pdflatex ENOENT"}
[2026-03-24 23:25:13] ERROR: LaTeX compilation failed | meta={"filename":"letter_69c2cfd883e901c26159a98f_05","error":"spawn pdflatex ENOENT"}
[2026-03-24 23:25:13] ERROR: PDF generation failed | meta={"jobId":"69c2cfd883e901c26159a98f-05","rollNumber":"05","error":"PDF generation failed for letter_69c2cfd883e901c26159a98f_05: spawn pdflatex ENOENT"}
[2026-03-24 23:25:13] ERROR: Job failed | meta={"jobId":"69c2cfd883e901c26159a98f-03","attempt":2,"maxAttempts":3,"error":"PDF generation failed for letter_69c2cfd883e901c26159a98f_03: spawn pdflatex ENOENT","data":{"reportId":"69c2cfd883e901c26159a98f","rollNumber":"03","teacherEmail":"hardikmahajan97@gmail.com"}}
[2026-03-24 23:25:13] INFO: Processing letter job | meta={"jobId":"69c2cfd883e901c26159a98f-09","reportId":"69c2cfd883e901c26159a98f","rollNumber":"09"}
[2026-03-24 23:25:13] ERROR: LaTeX compilation failed | meta={"filename":"letter_69c2cfd883e901c26159a98f_07","error":"spawn pdflatex ENOENT"}
[2026-03-24 23:25:13] ERROR: PDF generation failed | meta={"jobId":"69c2cfd883e901c26159a98f-07","rollNumber":"07","error":"PDF generation failed for letter_69c2cfd883e901c26159a98f_07: spawn pdflatex ENOENT"}
[2026-03-24 23:25:13] ERROR: Job failed | meta={"jobId":"69c2cfd883e901c26159a98f-05","attempt":2,"maxAttempts":3,"error":"PDF generation failed for letter_69c2cfd883e901c26159a98f_05: spawn pdflatex ENOENT","data":{"reportId":"69c2cfd883e901c26159a98f","rollNumber":"05","teacherEmail":"hardikmahajan97@gmail.com"}}
[2026-03-24 23:25:13] ERROR: Job failed | meta={"jobId":"69c2cfd883e901c26159a98f-07","attempt":2,"maxAttempts":3,"error":"PDF generation failed for letter_69c2cfd883e901c26159a98f_07: spawn pdflatex ENOENT","data":{"reportId":"69c2cfd883e901c26159a98f","rollNumber":"07","teacherEmail":"hardikmahajan97@gmail.com"}}
[2026-03-24 23:25:13] ERROR: LaTeX compilation failed | meta={"filename":"letter_69c2cfd883e901c26159a98f_09","error":"spawn pdflatex ENOENT"}
[2026-03-24 23:25:13] ERROR: PDF generation failed | meta={"jobId":"69c2cfd883e901c26159a98f-09","rollNumber":"09","error":"PDF generation failed for letter_69c2cfd883e901c26159a98f_09: spawn pdflatex ENOENT"}
[2026-03-24 23:25:13] ERROR: Job failed | meta={"jobId":"69c2cfd883e901c26159a98f-09","attempt":2,"maxAttempts":3,"error":"PDF generation failed for letter_69c2cfd883e901c26159a98f_09: spawn pdflatex ENOENT","data":{"reportId":"69c2cfd883e901c26159a98f","rollNumber":"09","teacherEmail":"hardikmahajan97@gmail.com"}}
[2026-03-24 23:25:28] INFO: Processing letter job | meta={"jobId":"69c2cfd883e901c26159a98f-03","reportId":"69c2cfd883e901c26159a98f","rollNumber":"03"}
[2026-03-24 23:25:28] INFO: Processing letter job | meta={"jobId":"69c2cfd883e901c26159a98f-05","reportId":"69c2cfd883e901c26159a98f","rollNumber":"05"}
[2026-03-24 23:25:28] ERROR: LaTeX compilation failed | meta={"filename":"letter_69c2cfd883e901c26159a98f_03","error":"spawn pdflatex ENOENT"}
[2026-03-24 23:25:28] ERROR: PDF generation failed | meta={"jobId":"69c2cfd883e901c26159a98f-03","rollNumber":"03","error":"PDF generation failed for letter_69c2cfd883e901c26159a98f_03: spawn pdflatex ENOENT"}
[2026-03-24 23:25:28] INFO: Processing letter job | meta={"jobId":"69c2cfd883e901c26159a98f-07","reportId":"69c2cfd883e901c26159a98f","rollNumber":"07"}
[2026-03-24 23:25:28] ERROR: LaTeX compilation failed | meta={"filename":"letter_69c2cfd883e901c26159a98f_05","error":"spawn pdflatex ENOENT"}
[2026-03-24 23:25:28] ERROR: PDF generation failed | meta={"jobId":"69c2cfd883e901c26159a98f-05","rollNumber":"05","error":"PDF generation failed for letter_69c2cfd883e901c26159a98f_05: spawn pdflatex ENOENT"}
[2026-03-24 23:25:28] ERROR: Job failed | meta={"jobId":"69c2cfd883e901c26159a98f-03","attempt":3,"maxAttempts":3,"error":"PDF generation failed for letter_69c2cfd883e901c26159a98f_03: spawn pdflatex ENOENT","data":{"reportId":"69c2cfd883e901c26159a98f","rollNumber":"03","teacherEmail":"hardikmahajan97@gmail.com"}}
[2026-03-24 23:25:28] INFO: Processing letter job | meta={"jobId":"69c2cfd883e901c26159a98f-09","reportId":"69c2cfd883e901c26159a98f","rollNumber":"09"}
[2026-03-24 23:25:29] ERROR: LaTeX compilation failed | meta={"filename":"letter_69c2cfd883e901c26159a98f_07","error":"spawn pdflatex ENOENT"}
[2026-03-24 23:25:29] ERROR: PDF generation failed | meta={"jobId":"69c2cfd883e901c26159a98f-07","rollNumber":"07","error":"PDF generation failed for letter_69c2cfd883e901c26159a98f_07: spawn pdflatex ENOENT"}
[2026-03-24 23:25:29] ERROR: Job failed | meta={"jobId":"69c2cfd883e901c26159a98f-05","attempt":3,"maxAttempts":3,"error":"PDF generation failed for letter_69c2cfd883e901c26159a98f_05: spawn pdflatex ENOENT","data":{"reportId":"69c2cfd883e901c26159a98f","rollNumber":"05","teacherEmail":"hardikmahajan97@gmail.com"}}
[2026-03-24 23:25:29] ERROR: Job failed | meta={"jobId":"69c2cfd883e901c26159a98f-07","attempt":3,"maxAttempts":3,"error":"PDF generation failed for letter_69c2cfd883e901c26159a98f_07: spawn pdflatex ENOENT","data":{"reportId":"69c2cfd883e901c26159a98f","rollNumber":"07","teacherEmail":"hardikmahajan97@gmail.com"}}
[2026-03-24 23:25:29] ERROR: LaTeX compilation failed | meta={"filename":"letter_69c2cfd883e901c26159a98f_09","error":"spawn pdflatex ENOENT"}
[2026-03-24 23:25:29] ERROR: PDF generation failed | meta={"jobId":"69c2cfd883e901c26159a98f-09","rollNumber":"09","error":"PDF generation failed for letter_69c2cfd883e901c26159a98f_09: spawn pdflatex ENOENT"}
[2026-03-24 23:25:29] ERROR: Job failed | meta={"jobId":"69c2cfd883e901c26159a98f-09","attempt":3,"maxAttempts":3,"error":"PDF generation failed for letter_69c2cfd883e901c26159a98f_09: spawn pdflatex ENOENT","data":{"reportId":"69c2cfd883e901c26159a98f","rollNumber":"09","teacherEmail":"hardikmahajan97@gmail.com"}}
[2026-03-24 23:29:38] INFO: MongoDB connected: ac-bhzwz6k-shard-00-00.xb1ttfl.mongodb.net | meta={"db":"test"}
[2026-03-24 23:29:38] INFO: Bull queue initialized | meta={"queue":"attendance-letters"}
[2026-03-24 23:29:38] INFO: Queue system ready
[2026-03-24 23:29:38] INFO: Server running on port 5001 | meta={"env":"development","port":"5001"}
[2026-03-24 23:29:53] INFO: File upload received | meta={"userId":"69c2cd83eada7a6de62af206","filename":"sample_attendance.csv","size":1088}
[2026-03-24 23:29:53] INFO: Sheet parsed | meta={"totalRows":10,"validStudents":10,"parseErrors":0,"belowThreshold":4}
[2026-03-24 23:29:53] INFO: Report saved to DB | meta={"reportId":"69c2d11948dc21b8751abd4c","total":10,"below":4,"userId":"69c2cd83eada7a6de62af206"}
[2026-03-24 23:29:58] INFO: Processing letter job | meta={"jobId":"69c2d11948dc21b8751abd4c-03","reportId":"69c2d11948dc21b8751abd4c","rollNumber":"03"}
[2026-03-24 23:29:58] INFO: Letter jobs enqueued | meta={"reportId":"69c2d11948dc21b8751abd4c","count":4,"teacherEmail":"anjali@school.edu"}
[2026-03-24 23:29:58] INFO: Letters dispatched | meta={"reportId":"69c2d11948dc21b8751abd4c","queued":4,"teacherEmail":"anjali@school.edu","dispatchedBy":"69c2cd83eada7a6de62af206"}
[2026-03-24 23:29:58] INFO: Processing letter job | meta={"jobId":"69c2d11948dc21b8751abd4c-05","reportId":"69c2d11948dc21b8751abd4c","rollNumber":"05"}
[2026-03-24 23:29:58] INFO: Processing letter job | meta={"jobId":"69c2d11948dc21b8751abd4c-07","reportId":"69c2d11948dc21b8751abd4c","rollNumber":"07"}
[2026-03-24 23:29:59] INFO: PDF generated successfully | meta={"file":"letter_69c2d11948dc21b8751abd4c_05.pdf"}
[2026-03-24 23:29:59] INFO: PDF generated successfully | meta={"file":"letter_69c2d11948dc21b8751abd4c_03.pdf"}
[2026-03-24 23:29:59] INFO: Letter PDF generated | meta={"jobId":"69c2d11948dc21b8751abd4c-05","rollNumber":"05","pdfPath":"/Users/hardik/Downloads/attendance-system/backend/uploads/letters/letter_69c2d11948dc21b8751abd4c_05.pdf"}
[2026-03-24 23:29:59] INFO: PDF generated successfully | meta={"file":"letter_69c2d11948dc21b8751abd4c_07.pdf"}
[2026-03-24 23:29:59] INFO: Letter PDF generated | meta={"jobId":"69c2d11948dc21b8751abd4c-03","rollNumber":"03","pdfPath":"/Users/hardik/Downloads/attendance-system/backend/uploads/letters/letter_69c2d11948dc21b8751abd4c_03.pdf"}
[2026-03-24 23:29:59] INFO: Letter PDF generated | meta={"jobId":"69c2d11948dc21b8751abd4c-07","rollNumber":"07","pdfPath":"/Users/hardik/Downloads/attendance-system/backend/uploads/letters/letter_69c2d11948dc21b8751abd4c_07.pdf"}
[2026-03-24 23:30:01] ERROR: Email send failed | meta={"to":"parent5@example.com","student":"Eshan Kapoor","error":"Invalid login: 535-5.7.8 Username and Password not accepted. For more information, go to\n535 5.7.8  https://support.google.com/mail/?p=BadCredentials 41be03b00d2f7-c743a938743sm10225578a12.19 - gsmtp","jobId":"69c2d11948dc21b8751abd4c-05"}
[2026-03-24 23:30:01] ERROR: Email send failed | meta={"to":"parent7@example.com","student":"Gaurav Joshi","error":"Invalid login: 535-5.7.8 Username and Password not accepted. For more information, go to\n535 5.7.8  https://support.google.com/mail/?p=BadCredentials d9443c01a7336-2b0835429afsm146127015ad.26 - gsmtp","jobId":"69c2d11948dc21b8751abd4c-07"}
[2026-03-24 23:30:01] ERROR: Email send failed | meta={"to":"parent3@example.com","student":"Chirag Mehta","error":"Invalid login: 535-5.7.8 Username and Password not accepted. For more information, go to\n535 5.7.8  https://support.google.com/mail/?p=BadCredentials 98e67ed59e1d1-35c031ed064sm3058159a91.9 - gsmtp","jobId":"69c2d11948dc21b8751abd4c-03"}
[2026-03-24 23:30:01] ERROR: Email dispatch failed | meta={"jobId":"69c2d11948dc21b8751abd4c-05","rollNumber":"05","error":"Invalid login: 535-5.7.8 Username and Password not accepted. For more information, go to\n535 5.7.8  https://support.google.com/mail/?p=BadCredentials 41be03b00d2f7-c743a938743sm10225578a12.19 - gsmtp"}
[2026-03-24 23:30:01] ERROR: Email dispatch failed | meta={"jobId":"69c2d11948dc21b8751abd4c-07","rollNumber":"07","error":"Invalid login: 535-5.7.8 Username and Password not accepted. For more information, go to\n535 5.7.8  https://support.google.com/mail/?p=BadCredentials d9443c01a7336-2b0835429afsm146127015ad.26 - gsmtp"}
[2026-03-24 23:30:01] ERROR: Email dispatch failed | meta={"jobId":"69c2d11948dc21b8751abd4c-03","rollNumber":"03","error":"Invalid login: 535-5.7.8 Username and Password not accepted. For more information, go to\n535 5.7.8  https://support.google.com/mail/?p=BadCredentials 98e67ed59e1d1-35c031ed064sm3058159a91.9 - gsmtp"}
[2026-03-24 23:30:01] ERROR: Job failed | meta={"jobId":"69c2d11948dc21b8751abd4c-05","attempt":1,"maxAttempts":3,"error":"Invalid login: 535-5.7.8 Username and Password not accepted. For more information, go to\n535 5.7.8  https://support.google.com/mail/?p=BadCredentials 41be03b00d2f7-c743a938743sm10225578a12.19 - gsmtp","data":{"reportId":"69c2d11948dc21b8751abd4c","rollNumber":"05","teacherEmail":"anjali@school.edu"}}
[2026-03-24 23:30:01] ERROR: Job failed | meta={"jobId":"69c2d11948dc21b8751abd4c-07","attempt":1,"maxAttempts":3,"error":"Invalid login: 535-5.7.8 Username and Password not accepted. For more information, go to\n535 5.7.8  https://support.google.com/mail/?p=BadCredentials d9443c01a7336-2b0835429afsm146127015ad.26 - gsmtp","data":{"reportId":"69c2d11948dc21b8751abd4c","rollNumber":"07","teacherEmail":"anjali@school.edu"}}
[2026-03-24 23:30:01] INFO: Processing letter job | meta={"jobId":"69c2d11948dc21b8751abd4c-09","reportId":"69c2d11948dc21b8751abd4c","rollNumber":"09"}
[2026-03-24 23:30:01] ERROR: Job failed | meta={"jobId":"69c2d11948dc21b8751abd4c-03","attempt":1,"maxAttempts":3,"error":"Invalid login: 535-5.7.8 Username and Password not accepted. For more information, go to\n535 5.7.8  https://support.google.com/mail/?p=BadCredentials 98e67ed59e1d1-35c031ed064sm3058159a91.9 - gsmtp","data":{"reportId":"69c2d11948dc21b8751abd4c","rollNumber":"03","teacherEmail":"anjali@school.edu"}}
[2026-03-24 23:30:02] INFO: PDF generated successfully | meta={"file":"letter_69c2d11948dc21b8751abd4c_09.pdf"}
[2026-03-24 23:30:02] INFO: Letter PDF generated | meta={"jobId":"69c2d11948dc21b8751abd4c-09","rollNumber":"09","pdfPath":"/Users/hardik/Downloads/attendance-system/backend/uploads/letters/letter_69c2d11948dc21b8751abd4c_09.pdf"}
[2026-03-24 23:30:04] ERROR: Email send failed | meta={"to":"parent9@example.com","student":"Ishaan Tiwari","error":"Invalid login: 535-5.7.8 Username and Password not accepted. For more information, go to\n535 5.7.8  https://support.google.com/mail/?p=BadCredentials d2e1a72fcca58-82b03bbf0c2sm15509932b3a.15 - gsmtp","jobId":"69c2d11948dc21b8751abd4c-09"}
[2026-03-24 23:30:04] ERROR: Email dispatch failed | meta={"jobId":"69c2d11948dc21b8751abd4c-09","rollNumber":"09","error":"Invalid login: 535-5.7.8 Username and Password not accepted. For more information, go to\n535 5.7.8  https://support.google.com/mail/?p=BadCredentials d2e1a72fcca58-82b03bbf0c2sm15509932b3a.15 - gsmtp"}
[2026-03-24 23:30:04] ERROR: Job failed | meta={"jobId":"69c2d11948dc21b8751abd4c-09","attempt":1,"maxAttempts":3,"error":"Invalid login: 535-5.7.8 Username and Password not accepted. For more information, go to\n535 5.7.8  https://support.google.com/mail/?p=BadCredentials d2e1a72fcca58-82b03bbf0c2sm15509932b3a.15 - gsmtp","data":{"reportId":"69c2d11948dc21b8751abd4c","rollNumber":"09","teacherEmail":"anjali@school.edu"}}
[2026-03-24 23:30:06] INFO: Processing letter job | meta={"jobId":"69c2d11948dc21b8751abd4c-05","reportId":"69c2d11948dc21b8751abd4c","rollNumber":"05"}
[2026-03-24 23:30:06] INFO: Processing letter job | meta={"jobId":"69c2d11948dc21b8751abd4c-07","reportId":"69c2d11948dc21b8751abd4c","rollNumber":"07"}
[2026-03-24 23:30:06] INFO: Processing letter job | meta={"jobId":"69c2d11948dc21b8751abd4c-03","reportId":"69c2d11948dc21b8751abd4c","rollNumber":"03"}
[2026-03-24 23:30:06] INFO: Letter PDF generated | meta={"jobId":"69c2d11948dc21b8751abd4c-05","rollNumber":"05","pdfPath":"/Users/hardik/Downloads/attendance-system/backend/uploads/letters/letter_69c2d11948dc21b8751abd4c_05.pdf"}
[2026-03-24 23:30:06] INFO: Letter PDF generated | meta={"jobId":"69c2d11948dc21b8751abd4c-07","rollNumber":"07","pdfPath":"/Users/hardik/Downloads/attendance-system/backend/uploads/letters/letter_69c2d11948dc21b8751abd4c_07.pdf"}
[2026-03-24 23:30:06] INFO: Letter PDF generated | meta={"jobId":"69c2d11948dc21b8751abd4c-03","rollNumber":"03","pdfPath":"/Users/hardik/Downloads/attendance-system/backend/uploads/letters/letter_69c2d11948dc21b8751abd4c_03.pdf"}
[2026-03-24 23:30:08] ERROR: Email send failed | meta={"to":"parent3@example.com","student":"Chirag Mehta","error":"Invalid login: 535-5.7.8 Username and Password not accepted. For more information, go to\n535 5.7.8  https://support.google.com/mail/?p=BadCredentials 98e67ed59e1d1-35c0ddaa7easm140181a91.10 - gsmtp","jobId":"69c2d11948dc21b8751abd4c-03"}
[2026-03-24 23:30:08] ERROR: Email dispatch failed | meta={"jobId":"69c2d11948dc21b8751abd4c-03","rollNumber":"03","error":"Invalid login: 535-5.7.8 Username and Password not accepted. For more information, go to\n535 5.7.8  https://support.google.com/mail/?p=BadCredentials 98e67ed59e1d1-35c0ddaa7easm140181a91.10 - gsmtp"}
[2026-03-24 23:30:08] ERROR: Job failed | meta={"jobId":"69c2d11948dc21b8751abd4c-03","attempt":2,"maxAttempts":3,"error":"Invalid login: 535-5.7.8 Username and Password not accepted. For more information, go to\n535 5.7.8  https://support.google.com/mail/?p=BadCredentials 98e67ed59e1d1-35c0ddaa7easm140181a91.10 - gsmtp","data":{"reportId":"69c2d11948dc21b8751abd4c","rollNumber":"03","teacherEmail":"anjali@school.edu"}}
[2026-03-24 23:30:08] ERROR: Email send failed | meta={"to":"parent5@example.com","student":"Eshan Kapoor","error":"Invalid login: 535-5.7.8 Username and Password not accepted. For more information, go to\n535 5.7.8  https://support.google.com/mail/?p=BadCredentials 41be03b00d2f7-c74443ccbe4sm10474626a12.22 - gsmtp","jobId":"69c2d11948dc21b8751abd4c-05"}
[2026-03-24 23:30:08] ERROR: Email dispatch failed | meta={"jobId":"69c2d11948dc21b8751abd4c-05","rollNumber":"05","error":"Invalid login: 535-5.7.8 Username and Password not accepted. For more information, go to\n535 5.7.8  https://support.google.com/mail/?p=BadCredentials 41be03b00d2f7-c74443ccbe4sm10474626a12.22 - gsmtp"}
[2026-03-24 23:30:08] ERROR: Job failed | meta={"jobId":"69c2d11948dc21b8751abd4c-05","attempt":2,"maxAttempts":3,"error":"Invalid login: 535-5.7.8 Username and Password not accepted. For more information, go to\n535 5.7.8  https://support.google.com/mail/?p=BadCredentials 41be03b00d2f7-c74443ccbe4sm10474626a12.22 - gsmtp","data":{"reportId":"69c2d11948dc21b8751abd4c","rollNumber":"05","teacherEmail":"anjali@school.edu"}}
[2026-03-24 23:30:09] ERROR: Email send failed | meta={"to":"parent7@example.com","student":"Gaurav Joshi","error":"Invalid login: 535-5.7.8 Username and Password not accepted. For more information, go to\n535 5.7.8  https://support.google.com/mail/?p=BadCredentials d9443c01a7336-2b083516400sm150966005ad.11 - gsmtp","jobId":"69c2d11948dc21b8751abd4c-07"}
[2026-03-24 23:30:09] ERROR: Email dispatch failed | meta={"jobId":"69c2d11948dc21b8751abd4c-07","rollNumber":"07","error":"Invalid login: 535-5.7.8 Username and Password not accepted. For more information, go to\n535 5.7.8  https://support.google.com/mail/?p=BadCredentials d9443c01a7336-2b083516400sm150966005ad.11 - gsmtp"}
[2026-03-24 23:30:09] ERROR: Job failed | meta={"jobId":"69c2d11948dc21b8751abd4c-07","attempt":2,"maxAttempts":3,"error":"Invalid login: 535-5.7.8 Username and Password not accepted. For more information, go to\n535 5.7.8  https://support.google.com/mail/?p=BadCredentials d9443c01a7336-2b083516400sm150966005ad.11 - gsmtp","data":{"reportId":"69c2d11948dc21b8751abd4c","rollNumber":"07","teacherEmail":"anjali@school.edu"}}
[2026-03-24 23:30:09] INFO: Processing letter job | meta={"jobId":"69c2d11948dc21b8751abd4c-09","reportId":"69c2d11948dc21b8751abd4c","rollNumber":"09"}
[2026-03-24 23:30:09] INFO: Letter PDF generated | meta={"jobId":"69c2d11948dc21b8751abd4c-09","rollNumber":"09","pdfPath":"/Users/hardik/Downloads/attendance-system/backend/uploads/letters/letter_69c2d11948dc21b8751abd4c_09.pdf"}
[2026-03-24 23:30:11] ERROR: Email send failed | meta={"to":"parent9@example.com","student":"Ishaan Tiwari","error":"Invalid login: 535-5.7.8 Username and Password not accepted. For more information, go to\n535 5.7.8  https://support.google.com/mail/?p=BadCredentials d9443c01a7336-2b08366c56bsm218010555ad.57 - gsmtp","jobId":"69c2d11948dc21b8751abd4c-09"}
[2026-03-24 23:30:11] ERROR: Email dispatch failed | meta={"jobId":"69c2d11948dc21b8751abd4c-09","rollNumber":"09","error":"Invalid login: 535-5.7.8 Username and Password not accepted. For more information, go to\n535 5.7.8  https://support.google.com/mail/?p=BadCredentials d9443c01a7336-2b08366c56bsm218010555ad.57 - gsmtp"}
[2026-03-24 23:30:12] ERROR: Job failed | meta={"jobId":"69c2d11948dc21b8751abd4c-09","attempt":2,"maxAttempts":3,"error":"Invalid login: 535-5.7.8 Username and Password not accepted. For more information, go to\n535 5.7.8  https://support.google.com/mail/?p=BadCredentials d9443c01a7336-2b08366c56bsm218010555ad.57 - gsmtp","data":{"reportId":"69c2d11948dc21b8751abd4c","rollNumber":"09","teacherEmail":"anjali@school.edu"}}
[2026-03-24 23:30:23] INFO: Processing letter job | meta={"jobId":"69c2d11948dc21b8751abd4c-03","reportId":"69c2d11948dc21b8751abd4c","rollNumber":"03"}
[2026-03-24 23:30:23] INFO: Letter PDF generated | meta={"jobId":"69c2d11948dc21b8751abd4c-03","rollNumber":"03","pdfPath":"/Users/hardik/Downloads/attendance-system/backend/uploads/letters/letter_69c2d11948dc21b8751abd4c_03.pdf"}
[2026-03-24 23:30:23] INFO: Processing letter job | meta={"jobId":"69c2d11948dc21b8751abd4c-05","reportId":"69c2d11948dc21b8751abd4c","rollNumber":"05"}
[2026-03-24 23:30:24] INFO: Processing letter job | meta={"jobId":"69c2d11948dc21b8751abd4c-07","reportId":"69c2d11948dc21b8751abd4c","rollNumber":"07"}
[2026-03-24 23:30:24] INFO: Letter PDF generated | meta={"jobId":"69c2d11948dc21b8751abd4c-05","rollNumber":"05","pdfPath":"/Users/hardik/Downloads/attendance-system/backend/uploads/letters/letter_69c2d11948dc21b8751abd4c_05.pdf"}
[2026-03-24 23:30:24] INFO: Letter PDF generated | meta={"jobId":"69c2d11948dc21b8751abd4c-07","rollNumber":"07","pdfPath":"/Users/hardik/Downloads/attendance-system/backend/uploads/letters/letter_69c2d11948dc21b8751abd4c_07.pdf"}
[2026-03-24 23:30:25] ERROR: Email send failed | meta={"to":"parent3@example.com","student":"Chirag Mehta","error":"Invalid login: 535-5.7.8 Username and Password not accepted. For more information, go to\n535 5.7.8  https://support.google.com/mail/?p=BadCredentials d9443c01a7336-2b08365535bsm146765975ad.50 - gsmtp","jobId":"69c2d11948dc21b8751abd4c-03"}
[2026-03-24 23:30:25] ERROR: Email dispatch failed | meta={"jobId":"69c2d11948dc21b8751abd4c-03","rollNumber":"03","error":"Invalid login: 535-5.7.8 Username and Password not accepted. For more information, go to\n535 5.7.8  https://support.google.com/mail/?p=BadCredentials d9443c01a7336-2b08365535bsm146765975ad.50 - gsmtp"}
[2026-03-24 23:30:26] ERROR: Job failed | meta={"jobId":"69c2d11948dc21b8751abd4c-03","attempt":3,"maxAttempts":3,"error":"Invalid login: 535-5.7.8 Username and Password not accepted. For more information, go to\n535 5.7.8  https://support.google.com/mail/?p=BadCredentials d9443c01a7336-2b08365535bsm146765975ad.50 - gsmtp","data":{"reportId":"69c2d11948dc21b8751abd4c","rollNumber":"03","teacherEmail":"anjali@school.edu"}}
[2026-03-24 23:30:26] ERROR: Email send failed | meta={"to":"parent5@example.com","student":"Eshan Kapoor","error":"Invalid login: 535-5.7.8 Username and Password not accepted. For more information, go to\n535 5.7.8  https://support.google.com/mail/?p=BadCredentials 98e67ed59e1d1-35c03172a8asm3628906a91.15 - gsmtp","jobId":"69c2d11948dc21b8751abd4c-05"}
[2026-03-24 23:30:26] ERROR: Email dispatch failed | meta={"jobId":"69c2d11948dc21b8751abd4c-05","rollNumber":"05","error":"Invalid login: 535-5.7.8 Username and Password not accepted. For more information, go to\n535 5.7.8  https://support.google.com/mail/?p=BadCredentials 98e67ed59e1d1-35c03172a8asm3628906a91.15 - gsmtp"}
[2026-03-24 23:30:26] ERROR: Job failed | meta={"jobId":"69c2d11948dc21b8751abd4c-05","attempt":3,"maxAttempts":3,"error":"Invalid login: 535-5.7.8 Username and Password not accepted. For more information, go to\n535 5.7.8  https://support.google.com/mail/?p=BadCredentials 98e67ed59e1d1-35c03172a8asm3628906a91.15 - gsmtp","data":{"reportId":"69c2d11948dc21b8751abd4c","rollNumber":"05","teacherEmail":"anjali@school.edu"}}
[2026-03-24 23:30:26] ERROR: Email send failed | meta={"to":"parent7@example.com","student":"Gaurav Joshi","error":"Invalid login: 535-5.7.8 Username and Password not accepted. For more information, go to\n535 5.7.8  https://support.google.com/mail/?p=BadCredentials 98e67ed59e1d1-35c0312f025sm2823602a91.2 - gsmtp","jobId":"69c2d11948dc21b8751abd4c-07"}
[2026-03-24 23:30:26] ERROR: Email dispatch failed | meta={"jobId":"69c2d11948dc21b8751abd4c-07","rollNumber":"07","error":"Invalid login: 535-5.7.8 Username and Password not accepted. For more information, go to\n535 5.7.8  https://support.google.com/mail/?p=BadCredentials 98e67ed59e1d1-35c0312f025sm2823602a91.2 - gsmtp"}
[2026-03-24 23:30:26] ERROR: Job failed | meta={"jobId":"69c2d11948dc21b8751abd4c-07","attempt":3,"maxAttempts":3,"error":"Invalid login: 535-5.7.8 Username and Password not accepted. For more information, go to\n535 5.7.8  https://support.google.com/mail/?p=BadCredentials 98e67ed59e1d1-35c0312f025sm2823602a91.2 - gsmtp","data":{"reportId":"69c2d11948dc21b8751abd4c","rollNumber":"07","teacherEmail":"anjali@school.edu"}}
[2026-03-24 23:30:27] INFO: Processing letter job | meta={"jobId":"69c2d11948dc21b8751abd4c-09","reportId":"69c2d11948dc21b8751abd4c","rollNumber":"09"}
[2026-03-24 23:30:27] INFO: Letter PDF generated | meta={"jobId":"69c2d11948dc21b8751abd4c-09","rollNumber":"09","pdfPath":"/Users/hardik/Downloads/attendance-system/backend/uploads/letters/letter_69c2d11948dc21b8751abd4c_09.pdf"}
[2026-03-24 23:30:29] ERROR: Email send failed | meta={"to":"parent9@example.com","student":"Ishaan Tiwari","error":"Invalid login: 535-5.7.8 Username and Password not accepted. For more information, go to\n535 5.7.8  https://support.google.com/mail/?p=BadCredentials 98e67ed59e1d1-35c0312f025sm2823689a91.2 - gsmtp","jobId":"69c2d11948dc21b8751abd4c-09"}
[2026-03-24 23:30:29] ERROR: Email dispatch failed | meta={"jobId":"69c2d11948dc21b8751abd4c-09","rollNumber":"09","error":"Invalid login: 535-5.7.8 Username and Password not accepted. For more information, go to\n535 5.7.8  https://support.google.com/mail/?p=BadCredentials 98e67ed59e1d1-35c0312f025sm2823689a91.2 - gsmtp"}
[2026-03-24 23:30:29] ERROR: Job failed | meta={"jobId":"69c2d11948dc21b8751abd4c-09","attempt":3,"maxAttempts":3,"error":"Invalid login: 535-5.7.8 Username and Password not accepted. For more information, go to\n535 5.7.8  https://support.google.com/mail/?p=BadCredentials 98e67ed59e1d1-35c0312f025sm2823689a91.2 - gsmtp","data":{"reportId":"69c2d11948dc21b8751abd4c","rollNumber":"09","teacherEmail":"anjali@school.edu"}}
[2026-03-24 23:41:07] INFO: MongoDB connected: ac-bhzwz6k-shard-00-00.xb1ttfl.mongodb.net | meta={"db":"test"}
[2026-03-24 23:41:07] INFO: Bull queue initialized | meta={"queue":"attendance-letters"}
[2026-03-24 23:41:07] INFO: Queue system ready
[2026-03-24 23:41:07] INFO: Server running on port 5001 | meta={"env":"development","port":"5001"}
[2026-03-24 23:41:54] INFO: User logged in | meta={"userId":"69c2cd83eada7a6de62af206","email":"anjali@school.edu","role":"teacher"}
[2026-03-24 23:42:09] INFO: File upload received | meta={"userId":"69c2cd83eada7a6de62af206","filename":"sample_attendance.csv","size":1197}
[2026-03-24 23:42:09] INFO: Sheet parsed | meta={"totalRows":10,"validStudents":10,"parseErrors":0,"belowThreshold":4}
[2026-03-24 23:42:09] INFO: Report saved to DB | meta={"reportId":"69c2d3f937335c1976761492","total":10,"below":4,"userId":"69c2cd83eada7a6de62af206"}
[2026-03-24 23:42:11] INFO: Processing letter job | meta={"jobId":"69c2d3f937335c1976761492-03","reportId":"69c2d3f937335c1976761492","rollNumber":"03"}
[2026-03-24 23:42:11] INFO: Processing letter job | meta={"jobId":"69c2d3f937335c1976761492-05","reportId":"69c2d3f937335c1976761492","rollNumber":"05"}
[2026-03-24 23:42:11] INFO: Letter jobs enqueued | meta={"reportId":"69c2d3f937335c1976761492","count":4,"teacherEmail":"anjali@school.edu"}
[2026-03-24 23:42:11] INFO: Letters dispatched | meta={"reportId":"69c2d3f937335c1976761492","queued":4,"teacherEmail":"anjali@school.edu","dispatchedBy":"69c2cd83eada7a6de62af206"}
[2026-03-24 23:42:11] INFO: Processing letter job | meta={"jobId":"69c2d3f937335c1976761492-07","reportId":"69c2d3f937335c1976761492","rollNumber":"07"}
[2026-03-24 23:42:12] INFO: PDF generated successfully | meta={"file":"letter_69c2d3f937335c1976761492_07.pdf"}
[2026-03-24 23:42:12] INFO: PDF generated successfully | meta={"file":"letter_69c2d3f937335c1976761492_05.pdf"}
[2026-03-24 23:42:12] INFO: PDF generated successfully | meta={"file":"letter_69c2d3f937335c1976761492_03.pdf"}
[2026-03-24 23:42:12] INFO: Letter PDF generated | meta={"jobId":"69c2d3f937335c1976761492-07","rollNumber":"07","pdfPath":"/Users/hardik/Downloads/attendance-system/backend/uploads/letters/letter_69c2d3f937335c1976761492_07.pdf"}
[2026-03-24 23:42:12] INFO: Letter PDF generated | meta={"jobId":"69c2d3f937335c1976761492-05","rollNumber":"05","pdfPath":"/Users/hardik/Downloads/attendance-system/backend/uploads/letters/letter_69c2d3f937335c1976761492_05.pdf"}
[2026-03-24 23:42:12] INFO: Letter PDF generated | meta={"jobId":"69c2d3f937335c1976761492-03","rollNumber":"03","pdfPath":"/Users/hardik/Downloads/attendance-system/backend/uploads/letters/letter_69c2d3f937335c1976761492_03.pdf"}
[2026-03-24 23:42:14] ERROR: Email send failed | meta={"to":"hardik.mahajan23@pccoepune.org","student":"Chirag Mehta","error":"Invalid login: 535-5.7.8 Username and Password not accepted. For more information, go to\n535 5.7.8  https://support.google.com/mail/?p=BadCredentials d9443c01a7336-2b0836ace98sm155864855ad.80 - gsmtp","jobId":"69c2d3f937335c1976761492-03"}
[2026-03-24 23:42:14] ERROR: Email send failed | meta={"to":"hardik.mahajan23@pccoepune.org","student":"Gaurav Joshi","error":"Invalid login: 535-5.7.8 Username and Password not accepted. For more information, go to\n535 5.7.8  https://support.google.com/mail/?p=BadCredentials d2e1a72fcca58-82b0409f409sm12918933b3a.31 - gsmtp","jobId":"69c2d3f937335c1976761492-07"}
[2026-03-24 23:42:14] ERROR: Email send failed | meta={"to":"hardik.mahajan23@pccoepune.org","student":"Eshan Kapoor","error":"Invalid login: 535-5.7.8 Username and Password not accepted. For more information, go to\n535 5.7.8  https://support.google.com/mail/?p=BadCredentials d9443c01a7336-2b0836556f6sm203359095ad.49 - gsmtp","jobId":"69c2d3f937335c1976761492-05"}
[2026-03-24 23:42:14] ERROR: Email dispatch failed | meta={"jobId":"69c2d3f937335c1976761492-03","rollNumber":"03","error":"Invalid login: 535-5.7.8 Username and Password not accepted. For more information, go to\n535 5.7.8  https://support.google.com/mail/?p=BadCredentials d9443c01a7336-2b0836ace98sm155864855ad.80 - gsmtp"}
[2026-03-24 23:42:14] ERROR: Email dispatch failed | meta={"jobId":"69c2d3f937335c1976761492-05","rollNumber":"05","error":"Invalid login: 535-5.7.8 Username and Password not accepted. For more information, go to\n535 5.7.8  https://support.google.com/mail/?p=BadCredentials d9443c01a7336-2b0836556f6sm203359095ad.49 - gsmtp"}
[2026-03-24 23:42:14] ERROR: Email dispatch failed | meta={"jobId":"69c2d3f937335c1976761492-07","rollNumber":"07","error":"Invalid login: 535-5.7.8 Username and Password not accepted. For more information, go to\n535 5.7.8  https://support.google.com/mail/?p=BadCredentials d2e1a72fcca58-82b0409f409sm12918933b3a.31 - gsmtp"}
[2026-03-24 23:42:14] ERROR: Job failed | meta={"jobId":"69c2d3f937335c1976761492-03","attempt":1,"maxAttempts":3,"error":"Invalid login: 535-5.7.8 Username and Password not accepted. For more information, go to\n535 5.7.8  https://support.google.com/mail/?p=BadCredentials d9443c01a7336-2b0836ace98sm155864855ad.80 - gsmtp","data":{"reportId":"69c2d3f937335c1976761492","rollNumber":"03","teacherEmail":"anjali@school.edu"}}
[2026-03-24 23:42:14] INFO: Processing letter job | meta={"jobId":"69c2d3f937335c1976761492-09","reportId":"69c2d3f937335c1976761492","rollNumber":"09"}
[2026-03-24 23:42:14] ERROR: Job failed | meta={"jobId":"69c2d3f937335c1976761492-05","attempt":1,"maxAttempts":3,"error":"Invalid login: 535-5.7.8 Username and Password not accepted. For more information, go to\n535 5.7.8  https://support.google.com/mail/?p=BadCredentials d9443c01a7336-2b0836556f6sm203359095ad.49 - gsmtp","data":{"reportId":"69c2d3f937335c1976761492","rollNumber":"05","teacherEmail":"anjali@school.edu"}}
[2026-03-24 23:42:14] ERROR: Job failed | meta={"jobId":"69c2d3f937335c1976761492-07","attempt":1,"maxAttempts":3,"error":"Invalid login: 535-5.7.8 Username and Password not accepted. For more information, go to\n535 5.7.8  https://support.google.com/mail/?p=BadCredentials d2e1a72fcca58-82b0409f409sm12918933b3a.31 - gsmtp","data":{"reportId":"69c2d3f937335c1976761492","rollNumber":"07","teacherEmail":"anjali@school.edu"}}
[2026-03-24 23:42:15] INFO: PDF generated successfully | meta={"file":"letter_69c2d3f937335c1976761492_09.pdf"}
[2026-03-24 23:42:15] INFO: Letter PDF generated | meta={"jobId":"69c2d3f937335c1976761492-09","rollNumber":"09","pdfPath":"/Users/hardik/Downloads/attendance-system/backend/uploads/letters/letter_69c2d3f937335c1976761492_09.pdf"}
[2026-03-24 23:42:17] ERROR: Email send failed | meta={"to":"hardik.mahajan23@pccoepune.org","student":"Ishaan Tiwari","error":"Invalid login: 535-5.7.8 Username and Password not accepted. For more information, go to\n535 5.7.8  https://support.google.com/mail/?p=BadCredentials 41be03b00d2f7-c743a81c6f6sm10738171a12.14 - gsmtp","jobId":"69c2d3f937335c1976761492-09"}
[2026-03-24 23:42:17] ERROR: Email dispatch failed | meta={"jobId":"69c2d3f937335c1976761492-09","rollNumber":"09","error":"Invalid login: 535-5.7.8 Username and Password not accepted. For more information, go to\n535 5.7.8  https://support.google.com/mail/?p=BadCredentials 41be03b00d2f7-c743a81c6f6sm10738171a12.14 - gsmtp"}
[2026-03-24 23:42:17] ERROR: Job failed | meta={"jobId":"69c2d3f937335c1976761492-09","attempt":1,"maxAttempts":3,"error":"Invalid login: 535-5.7.8 Username and Password not accepted. For more information, go to\n535 5.7.8  https://support.google.com/mail/?p=BadCredentials 41be03b00d2f7-c743a81c6f6sm10738171a12.14 - gsmtp","data":{"reportId":"69c2d3f937335c1976761492","rollNumber":"09","teacherEmail":"anjali@school.edu"}}
[2026-03-24 23:42:19] INFO: Processing letter job | meta={"jobId":"69c2d3f937335c1976761492-03","reportId":"69c2d3f937335c1976761492","rollNumber":"03"}
[2026-03-24 23:42:19] INFO: Processing letter job | meta={"jobId":"69c2d3f937335c1976761492-05","reportId":"69c2d3f937335c1976761492","rollNumber":"05"}
[2026-03-24 23:42:19] INFO: Processing letter job | meta={"jobId":"69c2d3f937335c1976761492-07","reportId":"69c2d3f937335c1976761492","rollNumber":"07"}
[2026-03-24 23:42:19] INFO: Letter PDF generated | meta={"jobId":"69c2d3f937335c1976761492-07","rollNumber":"07","pdfPath":"/Users/hardik/Downloads/attendance-system/backend/uploads/letters/letter_69c2d3f937335c1976761492_07.pdf"}
[2026-03-24 23:42:19] INFO: Letter PDF generated | meta={"jobId":"69c2d3f937335c1976761492-03","rollNumber":"03","pdfPath":"/Users/hardik/Downloads/attendance-system/backend/uploads/letters/letter_69c2d3f937335c1976761492_03.pdf"}
[2026-03-24 23:42:20] INFO: Letter PDF generated | meta={"jobId":"69c2d3f937335c1976761492-05","rollNumber":"05","pdfPath":"/Users/hardik/Downloads/attendance-system/backend/uploads/letters/letter_69c2d3f937335c1976761492_05.pdf"}
[2026-03-24 23:42:21] ERROR: Email send failed | meta={"to":"hardik.mahajan23@pccoepune.org","student":"Gaurav Joshi","error":"Invalid login: 535-5.7.8 Username and Password not accepted. For more information, go to\n535 5.7.8  https://support.google.com/mail/?p=BadCredentials 41be03b00d2f7-c76565c35desm4232259a12.15 - gsmtp","jobId":"69c2d3f937335c1976761492-07"}
[2026-03-24 23:42:21] ERROR: Email send failed | meta={"to":"hardik.mahajan23@pccoepune.org","student":"Chirag Mehta","error":"Invalid login: 535-5.7.8 Username and Password not accepted. For more information, go to\n535 5.7.8  https://support.google.com/mail/?p=BadCredentials d2e1a72fcca58-82b0409c11asm12486985b3a.30 - gsmtp","jobId":"69c2d3f937335c1976761492-03"}
[2026-03-24 23:42:21] ERROR: Email send failed | meta={"to":"hardik.mahajan23@pccoepune.org","student":"Eshan Kapoor","error":"Invalid login: 535-5.7.8 Username and Password not accepted. For more information, go to\n535 5.7.8  https://support.google.com/mail/?p=BadCredentials 98e67ed59e1d1-35c0dc2ad97sm44616a91.8 - gsmtp","jobId":"69c2d3f937335c1976761492-05"}
[2026-03-24 23:42:21] ERROR: Email dispatch failed | meta={"jobId":"69c2d3f937335c1976761492-07","rollNumber":"07","error":"Invalid login: 535-5.7.8 Username and Password not accepted. For more information, go to\n535 5.7.8  https://support.google.com/mail/?p=BadCredentials 41be03b00d2f7-c76565c35desm4232259a12.15 - gsmtp"}
[2026-03-24 23:42:22] ERROR: Email dispatch failed | meta={"jobId":"69c2d3f937335c1976761492-05","rollNumber":"05","error":"Invalid login: 535-5.7.8 Username and Password not accepted. For more information, go to\n535 5.7.8  https://support.google.com/mail/?p=BadCredentials 98e67ed59e1d1-35c0dc2ad97sm44616a91.8 - gsmtp"}
[2026-03-24 23:42:22] ERROR: Email dispatch failed | meta={"jobId":"69c2d3f937335c1976761492-03","rollNumber":"03","error":"Invalid login: 535-5.7.8 Username and Password not accepted. For more information, go to\n535 5.7.8  https://support.google.com/mail/?p=BadCredentials d2e1a72fcca58-82b0409c11asm12486985b3a.30 - gsmtp"}
[2026-03-24 23:42:22] ERROR: Job failed | meta={"jobId":"69c2d3f937335c1976761492-07","attempt":2,"maxAttempts":3,"error":"Invalid login: 535-5.7.8 Username and Password not accepted. For more information, go to\n535 5.7.8  https://support.google.com/mail/?p=BadCredentials 41be03b00d2f7-c76565c35desm4232259a12.15 - gsmtp","data":{"reportId":"69c2d3f937335c1976761492","rollNumber":"07","teacherEmail":"anjali@school.edu"}}
[2026-03-24 23:42:22] ERROR: Job failed | meta={"jobId":"69c2d3f937335c1976761492-05","attempt":2,"maxAttempts":3,"error":"Invalid login: 535-5.7.8 Username and Password not accepted. For more information, go to\n535 5.7.8  https://support.google.com/mail/?p=BadCredentials 98e67ed59e1d1-35c0dc2ad97sm44616a91.8 - gsmtp","data":{"reportId":"69c2d3f937335c1976761492","rollNumber":"05","teacherEmail":"anjali@school.edu"}}
[2026-03-24 23:42:22] ERROR: Job failed | meta={"jobId":"69c2d3f937335c1976761492-03","attempt":2,"maxAttempts":3,"error":"Invalid login: 535-5.7.8 Username and Password not accepted. For more information, go to\n535 5.7.8  https://support.google.com/mail/?p=BadCredentials d2e1a72fcca58-82b0409c11asm12486985b3a.30 - gsmtp","data":{"reportId":"69c2d3f937335c1976761492","rollNumber":"03","teacherEmail":"anjali@school.edu"}}
[2026-03-24 23:42:22] INFO: Processing letter job | meta={"jobId":"69c2d3f937335c1976761492-09","reportId":"69c2d3f937335c1976761492","rollNumber":"09"}
[2026-03-24 23:42:23] INFO: Letter PDF generated | meta={"jobId":"69c2d3f937335c1976761492-09","rollNumber":"09","pdfPath":"/Users/hardik/Downloads/attendance-system/backend/uploads/letters/letter_69c2d3f937335c1976761492_09.pdf"}
[2026-03-24 23:42:25] ERROR: Email send failed | meta={"to":"hardik.mahajan23@pccoepune.org","student":"Ishaan Tiwari","error":"Invalid login: 535-5.7.8 Username and Password not accepted. For more information, go to\n535 5.7.8  https://support.google.com/mail/?p=BadCredentials 98e67ed59e1d1-35c03134bd2sm3167887a91.5 - gsmtp","jobId":"69c2d3f937335c1976761492-09"}
[2026-03-24 23:42:25] ERROR: Email dispatch failed | meta={"jobId":"69c2d3f937335c1976761492-09","rollNumber":"09","error":"Invalid login: 535-5.7.8 Username and Password not accepted. For more information, go to\n535 5.7.8  https://support.google.com/mail/?p=BadCredentials 98e67ed59e1d1-35c03134bd2sm3167887a91.5 - gsmtp"}
[2026-03-24 23:42:25] ERROR: Job failed | meta={"jobId":"69c2d3f937335c1976761492-09","attempt":2,"maxAttempts":3,"error":"Invalid login: 535-5.7.8 Username and Password not accepted. For more information, go to\n535 5.7.8  https://support.google.com/mail/?p=BadCredentials 98e67ed59e1d1-35c03134bd2sm3167887a91.5 - gsmtp","data":{"reportId":"69c2d3f937335c1976761492","rollNumber":"09","teacherEmail":"anjali@school.edu"}}
[2026-03-24 23:42:37] INFO: Processing letter job | meta={"jobId":"69c2d3f937335c1976761492-07","reportId":"69c2d3f937335c1976761492","rollNumber":"07"}
[2026-03-24 23:42:37] INFO: Processing letter job | meta={"jobId":"69c2d3f937335c1976761492-05","reportId":"69c2d3f937335c1976761492","rollNumber":"05"}
[2026-03-24 23:42:37] INFO: Processing letter job | meta={"jobId":"69c2d3f937335c1976761492-03","reportId":"69c2d3f937335c1976761492","rollNumber":"03"}
[2026-03-24 23:42:37] INFO: Letter PDF generated | meta={"jobId":"69c2d3f937335c1976761492-07","rollNumber":"07","pdfPath":"/Users/hardik/Downloads/attendance-system/backend/uploads/letters/letter_69c2d3f937335c1976761492_07.pdf"}
[2026-03-24 23:42:37] INFO: Letter PDF generated | meta={"jobId":"69c2d3f937335c1976761492-05","rollNumber":"05","pdfPath":"/Users/hardik/Downloads/attendance-system/backend/uploads/letters/letter_69c2d3f937335c1976761492_05.pdf"}
[2026-03-24 23:42:37] INFO: Letter PDF generated | meta={"jobId":"69c2d3f937335c1976761492-03","rollNumber":"03","pdfPath":"/Users/hardik/Downloads/attendance-system/backend/uploads/letters/letter_69c2d3f937335c1976761492_03.pdf"}
[2026-03-24 23:42:39] ERROR: Email send failed | meta={"to":"hardik.mahajan23@pccoepune.org","student":"Gaurav Joshi","error":"Invalid login: 535-5.7.8 Username and Password not accepted. For more information, go to\n535 5.7.8  https://support.google.com/mail/?p=BadCredentials d9443c01a7336-2b083516877sm187880395ad.12 - gsmtp","jobId":"69c2d3f937335c1976761492-07"}
[2026-03-24 23:42:39] ERROR: Email send failed | meta={"to":"hardik.mahajan23@pccoepune.org","student":"Eshan Kapoor","error":"Invalid login: 535-5.7.8 Username and Password not accepted. For more information, go to\n535 5.7.8  https://support.google.com/mail/?p=BadCredentials d9443c01a7336-2b0b0975da7sm3658325ad.44 - gsmtp","jobId":"69c2d3f937335c1976761492-05"}
[2026-03-24 23:42:39] ERROR: Email send failed | meta={"to":"hardik.mahajan23@pccoepune.org","student":"Chirag Mehta","error":"Invalid login: 535-5.7.8 Username and Password not accepted. For more information, go to\n535 5.7.8  https://support.google.com/mail/?p=BadCredentials d2e1a72fcca58-82c38565096sm7904852b3a.51 - gsmtp","jobId":"69c2d3f937335c1976761492-03"}
[2026-03-24 23:42:39] ERROR: Email dispatch failed | meta={"jobId":"69c2d3f937335c1976761492-07","rollNumber":"07","error":"Invalid login: 535-5.7.8 Username and Password not accepted. For more information, go to\n535 5.7.8  https://support.google.com/mail/?p=BadCredentials d9443c01a7336-2b083516877sm187880395ad.12 - gsmtp"}
[2026-03-24 23:42:39] ERROR: Email dispatch failed | meta={"jobId":"69c2d3f937335c1976761492-05","rollNumber":"05","error":"Invalid login: 535-5.7.8 Username and Password not accepted. For more information, go to\n535 5.7.8  https://support.google.com/mail/?p=BadCredentials d9443c01a7336-2b0b0975da7sm3658325ad.44 - gsmtp"}
[2026-03-24 23:42:39] ERROR: Email dispatch failed | meta={"jobId":"69c2d3f937335c1976761492-03","rollNumber":"03","error":"Invalid login: 535-5.7.8 Username and Password not accepted. For more information, go to\n535 5.7.8  https://support.google.com/mail/?p=BadCredentials d2e1a72fcca58-82c38565096sm7904852b3a.51 - gsmtp"}
[2026-03-24 23:42:39] ERROR: Job failed | meta={"jobId":"69c2d3f937335c1976761492-07","attempt":3,"maxAttempts":3,"error":"Invalid login: 535-5.7.8 Username and Password not accepted. For more information, go to\n535 5.7.8  https://support.google.com/mail/?p=BadCredentials d9443c01a7336-2b083516877sm187880395ad.12 - gsmtp","data":{"reportId":"69c2d3f937335c1976761492","rollNumber":"07","teacherEmail":"anjali@school.edu"}}
[2026-03-24 23:42:39] ERROR: Job failed | meta={"jobId":"69c2d3f937335c1976761492-05","attempt":3,"maxAttempts":3,"error":"Invalid login: 535-5.7.8 Username and Password not accepted. For more information, go to\n535 5.7.8  https://support.google.com/mail/?p=BadCredentials d9443c01a7336-2b0b0975da7sm3658325ad.44 - gsmtp","data":{"reportId":"69c2d3f937335c1976761492","rollNumber":"05","teacherEmail":"anjali@school.edu"}}
[2026-03-24 23:42:39] ERROR: Job failed | meta={"jobId":"69c2d3f937335c1976761492-03","attempt":3,"maxAttempts":3,"error":"Invalid login: 535-5.7.8 Username and Password not accepted. For more information, go to\n535 5.7.8  https://support.google.com/mail/?p=BadCredentials d2e1a72fcca58-82c38565096sm7904852b3a.51 - gsmtp","data":{"reportId":"69c2d3f937335c1976761492","rollNumber":"03","teacherEmail":"anjali@school.edu"}}
[2026-03-24 23:42:40] INFO: Processing letter job | meta={"jobId":"69c2d3f937335c1976761492-09","reportId":"69c2d3f937335c1976761492","rollNumber":"09"}
[2026-03-24 23:42:40] INFO: Letter PDF generated | meta={"jobId":"69c2d3f937335c1976761492-09","rollNumber":"09","pdfPath":"/Users/hardik/Downloads/attendance-system/backend/uploads/letters/letter_69c2d3f937335c1976761492_09.pdf"}
[2026-03-24 23:42:42] ERROR: Email send failed | meta={"to":"hardik.mahajan23@pccoepune.org","student":"Ishaan Tiwari","error":"Invalid login: 535-5.7.8 Username and Password not accepted. For more information, go to\n535 5.7.8  https://support.google.com/mail/?p=BadCredentials 98e67ed59e1d1-35c031494f3sm4762605a91.8 - gsmtp","jobId":"69c2d3f937335c1976761492-09"}
[2026-03-24 23:42:42] ERROR: Email dispatch failed | meta={"jobId":"69c2d3f937335c1976761492-09","rollNumber":"09","error":"Invalid login: 535-5.7.8 Username and Password not accepted. For more information, go to\n535 5.7.8  https://support.google.com/mail/?p=BadCredentials 98e67ed59e1d1-35c031494f3sm4762605a91.8 - gsmtp"}
[2026-03-24 23:42:43] ERROR: Job failed | meta={"jobId":"69c2d3f937335c1976761492-09","attempt":3,"maxAttempts":3,"error":"Invalid login: 535-5.7.8 Username and Password not accepted. For more information, go to\n535 5.7.8  https://support.google.com/mail/?p=BadCredentials 98e67ed59e1d1-35c031494f3sm4762605a91.8 - gsmtp","data":{"reportId":"69c2d3f937335c1976761492","rollNumber":"09","teacherEmail":"anjali@school.edu"}}
[2026-03-24 23:44:41] INFO: MongoDB connected: ac-bhzwz6k-shard-00-00.xb1ttfl.mongodb.net | meta={"db":"test"}
[2026-03-24 23:44:41] INFO: Bull queue initialized | meta={"queue":"attendance-letters"}
[2026-03-24 23:44:41] INFO: Queue system ready
[2026-03-24 23:44:41] INFO: Server running on port 5001 | meta={"env":"development","port":"5001"}
[2026-03-24 23:44:56] INFO: File upload received | meta={"userId":"69c2cd83eada7a6de62af206","filename":"sample_attendance.csv","size":1197}
[2026-03-24 23:44:56] INFO: Sheet parsed | meta={"totalRows":10,"validStudents":10,"parseErrors":0,"belowThreshold":4}
[2026-03-24 23:44:56] INFO: Report saved to DB | meta={"reportId":"69c2d4a087fae061febdfc8a","total":10,"below":4,"userId":"69c2cd83eada7a6de62af206"}
[2026-03-24 23:44:59] INFO: Processing letter job | meta={"jobId":"69c2d4a087fae061febdfc8a-03","reportId":"69c2d4a087fae061febdfc8a","rollNumber":"03"}
[2026-03-24 23:44:59] INFO: Processing letter job | meta={"jobId":"69c2d4a087fae061febdfc8a-05","reportId":"69c2d4a087fae061febdfc8a","rollNumber":"05"}
[2026-03-24 23:44:59] INFO: Processing letter job | meta={"jobId":"69c2d4a087fae061febdfc8a-07","reportId":"69c2d4a087fae061febdfc8a","rollNumber":"07"}
[2026-03-24 23:44:59] INFO: Letter jobs enqueued | meta={"reportId":"69c2d4a087fae061febdfc8a","count":4,"teacherEmail":"anjali@school.edu"}
[2026-03-24 23:44:59] INFO: Letters dispatched | meta={"reportId":"69c2d4a087fae061febdfc8a","queued":4,"teacherEmail":"anjali@school.edu","dispatchedBy":"69c2cd83eada7a6de62af206"}
[2026-03-24 23:45:00] INFO: PDF generated successfully | meta={"file":"letter_69c2d4a087fae061febdfc8a_05.pdf"}
[2026-03-24 23:45:00] INFO: PDF generated successfully | meta={"file":"letter_69c2d4a087fae061febdfc8a_03.pdf"}
[2026-03-24 23:45:00] INFO: PDF generated successfully | meta={"file":"letter_69c2d4a087fae061febdfc8a_07.pdf"}
[2026-03-24 23:45:00] INFO: Letter PDF generated | meta={"jobId":"69c2d4a087fae061febdfc8a-05","rollNumber":"05","pdfPath":"/Users/hardik/Downloads/attendance-system/backend/uploads/letters/letter_69c2d4a087fae061febdfc8a_05.pdf"}
[2026-03-24 23:45:00] INFO: Letter PDF generated | meta={"jobId":"69c2d4a087fae061febdfc8a-03","rollNumber":"03","pdfPath":"/Users/hardik/Downloads/attendance-system/backend/uploads/letters/letter_69c2d4a087fae061febdfc8a_03.pdf"}
[2026-03-24 23:45:00] INFO: Letter PDF generated | meta={"jobId":"69c2d4a087fae061febdfc8a-07","rollNumber":"07","pdfPath":"/Users/hardik/Downloads/attendance-system/backend/uploads/letters/letter_69c2d4a087fae061febdfc8a_07.pdf"}
[2026-03-24 23:45:07] INFO: Email sent to parent | meta={"to":"hardik.mahajan23@pccoepune.org","student":"Gaurav Joshi","messageId":"<fe66b920-12b3-1499-e25f-f768e3f1ab1c@gmail.com>","jobId":"69c2d4a087fae061febdfc8a-07"}
[2026-03-24 23:45:07] INFO: Email dispatched | meta={"jobId":"69c2d4a087fae061febdfc8a-07","rollNumber":"07","to":"hardik.mahajan23@pccoepune.org"}
[2026-03-24 23:45:07] INFO: Email sent to parent | meta={"to":"hardik.mahajan23@pccoepune.org","student":"Eshan Kapoor","messageId":"<838a829b-fe76-ce3b-5fde-c07ce46c739d@gmail.com>","jobId":"69c2d4a087fae061febdfc8a-05"}
[2026-03-24 23:45:07] INFO: Job completed | meta={"jobId":"69c2d4a087fae061febdfc8a-07","result":{"success":true,"roll":"07","pdfPath":"/Users/hardik/Downloads/attendance-system/backend/uploads/letters/letter_69c2d4a087fae061febdfc8a_07.pdf"}}
[2026-03-24 23:45:07] INFO: Processing letter job | meta={"jobId":"69c2d4a087fae061febdfc8a-09","reportId":"69c2d4a087fae061febdfc8a","rollNumber":"09"}
[2026-03-24 23:45:07] INFO: Email dispatched | meta={"jobId":"69c2d4a087fae061febdfc8a-05","rollNumber":"05","to":"hardik.mahajan23@pccoepune.org"}
[2026-03-24 23:45:07] INFO: Job completed | meta={"jobId":"69c2d4a087fae061febdfc8a-05","result":{"success":true,"roll":"05","pdfPath":"/Users/hardik/Downloads/attendance-system/backend/uploads/letters/letter_69c2d4a087fae061febdfc8a_05.pdf"}}
[2026-03-24 23:45:08] INFO: PDF generated successfully | meta={"file":"letter_69c2d4a087fae061febdfc8a_09.pdf"}
[2026-03-24 23:45:08] INFO: Letter PDF generated | meta={"jobId":"69c2d4a087fae061febdfc8a-09","rollNumber":"09","pdfPath":"/Users/hardik/Downloads/attendance-system/backend/uploads/letters/letter_69c2d4a087fae061febdfc8a_09.pdf"}
[2026-03-24 23:45:08] INFO: Email sent to parent | meta={"to":"hardik.mahajan23@pccoepune.org","student":"Chirag Mehta","messageId":"<aa756811-de97-6463-86a1-99b35154094c@gmail.com>","jobId":"69c2d4a087fae061febdfc8a-03"}
[2026-03-24 23:45:08] INFO: Email dispatched | meta={"jobId":"69c2d4a087fae061febdfc8a-03","rollNumber":"03","to":"hardik.mahajan23@pccoepune.org"}
[2026-03-24 23:45:08] INFO: Job completed | meta={"jobId":"69c2d4a087fae061febdfc8a-03","result":{"success":true,"roll":"03","pdfPath":"/Users/hardik/Downloads/attendance-system/backend/uploads/letters/letter_69c2d4a087fae061febdfc8a_03.pdf"}}
[2026-03-24 23:45:12] INFO: Email sent to parent | meta={"to":"hardik.mahajan23@pccoepune.org","student":"Ishaan Tiwari","messageId":"<eb976f6f-55c8-999e-b916-f8cb6502c4ff@gmail.com>","jobId":"69c2d4a087fae061febdfc8a-09"}
[2026-03-24 23:45:13] INFO: Email dispatched | meta={"jobId":"69c2d4a087fae061febdfc8a-09","rollNumber":"09","to":"hardik.mahajan23@pccoepune.org"}
[2026-03-24 23:45:13] INFO: All letters processed for report | meta={"reportId":"69c2d4a087fae061febdfc8a","total":4,"sent":4,"failed":0}
[2026-03-24 23:45:13] INFO: Job completed | meta={"jobId":"69c2d4a087fae061febdfc8a-09","result":{"success":true,"roll":"09","pdfPath":"/Users/hardik/Downloads/attendance-system/backend/uploads/letters/letter_69c2d4a087fae061febdfc8a_09.pdf"}}
[2026-03-25 09:14:44] INFO: MongoDB connected: ac-bhzwz6k-shard-00-02.xb1ttfl.mongodb.net | meta={"db":"test"}
[2026-03-25 09:14:44] INFO: Bull queue initialized | meta={"queue":"attendance-letters"}
[2026-03-25 09:14:44] INFO: Queue system ready
[2026-03-25 09:14:44] INFO: Server running on port 5001 | meta={"env":"development","port":"5001"}
[2026-03-25 09:15:26] INFO: User logged in | meta={"userId":"69c2cd83eada7a6de62af206","email":"anjali@school.edu","role":"teacher"}
[2026-03-25 09:15:46] INFO: File upload received | meta={"userId":"69c2cd83eada7a6de62af206","filename":"sample_attendance.csv","size":1197}
[2026-03-25 09:15:46] INFO: Sheet parsed | meta={"totalRows":10,"validStudents":10,"parseErrors":0,"belowThreshold":4}
[2026-03-25 09:15:46] INFO: Report saved to DB | meta={"reportId":"69c35a6a7ebcde98d2e0999c","total":10,"below":4,"userId":"69c2cd83eada7a6de62af206"}
[2026-03-25 09:15:52] INFO: Processing letter job | meta={"jobId":"69c35a6a7ebcde98d2e0999c-03","reportId":"69c35a6a7ebcde98d2e0999c","rollNumber":"03"}
[2026-03-25 09:15:52] INFO: Letter jobs enqueued | meta={"reportId":"69c35a6a7ebcde98d2e0999c","count":4,"teacherEmail":"anjali@school.edu"}
[2026-03-25 09:15:52] INFO: Letters dispatched | meta={"reportId":"69c35a6a7ebcde98d2e0999c","queued":4,"teacherEmail":"anjali@school.edu","dispatchedBy":"69c2cd83eada7a6de62af206"}
[2026-03-25 09:15:52] INFO: Processing letter job | meta={"jobId":"69c35a6a7ebcde98d2e0999c-05","reportId":"69c35a6a7ebcde98d2e0999c","rollNumber":"05"}
[2026-03-25 09:15:52] INFO: Processing letter job | meta={"jobId":"69c35a6a7ebcde98d2e0999c-07","reportId":"69c35a6a7ebcde98d2e0999c","rollNumber":"07"}
[2026-03-25 09:15:53] INFO: PDF generated successfully | meta={"file":"letter_69c35a6a7ebcde98d2e0999c_05.pdf"}
[2026-03-25 09:15:53] INFO: Letter PDF generated | meta={"jobId":"69c35a6a7ebcde98d2e0999c-05","rollNumber":"05","pdfPath":"/Users/hardik/Downloads/attendance-system/backend/uploads/letters/letter_69c35a6a7ebcde98d2e0999c_05.pdf"}
[2026-03-25 09:15:53] INFO: PDF generated successfully | meta={"file":"letter_69c35a6a7ebcde98d2e0999c_03.pdf"}
[2026-03-25 09:15:53] INFO: Letter PDF generated | meta={"jobId":"69c35a6a7ebcde98d2e0999c-03","rollNumber":"03","pdfPath":"/Users/hardik/Downloads/attendance-system/backend/uploads/letters/letter_69c35a6a7ebcde98d2e0999c_03.pdf"}
[2026-03-25 09:15:53] INFO: PDF generated successfully | meta={"file":"letter_69c35a6a7ebcde98d2e0999c_07.pdf"}
[2026-03-25 09:15:53] INFO: Letter PDF generated | meta={"jobId":"69c35a6a7ebcde98d2e0999c-07","rollNumber":"07","pdfPath":"/Users/hardik/Downloads/attendance-system/backend/uploads/letters/letter_69c35a6a7ebcde98d2e0999c_07.pdf"}
[2026-03-25 09:17:08] ERROR: Email send failed | meta={"to":"hardik.mahajan23@pccoepune.org","student":"Eshan Kapoor","error":"connect ETIMEDOUT 192.178.211.109:587","jobId":"69c35a6a7ebcde98d2e0999c-05"}
[2026-03-25 09:17:08] ERROR: Email send failed | meta={"to":"hardik.mahajan23@pccoepune.org","student":"Chirag Mehta","error":"connect ETIMEDOUT 192.178.211.109:587","jobId":"69c35a6a7ebcde98d2e0999c-03"}
[2026-03-25 09:17:08] ERROR: Email send failed | meta={"to":"hardik.mahajan23@pccoepune.org","student":"Gaurav Joshi","error":"connect ETIMEDOUT 192.178.211.109:587","jobId":"69c35a6a7ebcde98d2e0999c-07"}
[2026-03-25 09:17:08] ERROR: Email dispatch failed | meta={"jobId":"69c35a6a7ebcde98d2e0999c-05","rollNumber":"05","error":"connect ETIMEDOUT 192.178.211.109:587"}
[2026-03-25 09:17:08] ERROR: Email dispatch failed | meta={"jobId":"69c35a6a7ebcde98d2e0999c-03","rollNumber":"03","error":"connect ETIMEDOUT 192.178.211.109:587"}
[2026-03-25 09:17:08] ERROR: Email dispatch failed | meta={"jobId":"69c35a6a7ebcde98d2e0999c-07","rollNumber":"07","error":"connect ETIMEDOUT 192.178.211.109:587"}
[2026-03-25 09:17:08] ERROR: Job failed | meta={"jobId":"69c35a6a7ebcde98d2e0999c-05","attempt":1,"maxAttempts":3,"error":"connect ETIMEDOUT 192.178.211.109:587","data":{"reportId":"69c35a6a7ebcde98d2e0999c","rollNumber":"05","teacherEmail":"anjali@school.edu"}}
[2026-03-25 09:17:08] INFO: Processing letter job | meta={"jobId":"69c35a6a7ebcde98d2e0999c-09","reportId":"69c35a6a7ebcde98d2e0999c","rollNumber":"09"}
[2026-03-25 09:17:08] ERROR: Job failed | meta={"jobId":"69c35a6a7ebcde98d2e0999c-03","attempt":1,"maxAttempts":3,"error":"connect ETIMEDOUT 192.178.211.109:587","data":{"reportId":"69c35a6a7ebcde98d2e0999c","rollNumber":"03","teacherEmail":"anjali@school.edu"}}
[2026-03-25 09:17:08] ERROR: Job failed | meta={"jobId":"69c35a6a7ebcde98d2e0999c-07","attempt":1,"maxAttempts":3,"error":"connect ETIMEDOUT 192.178.211.109:587","data":{"reportId":"69c35a6a7ebcde98d2e0999c","rollNumber":"07","teacherEmail":"anjali@school.edu"}}
[2026-03-25 09:17:09] INFO: PDF generated successfully | meta={"file":"letter_69c35a6a7ebcde98d2e0999c_09.pdf"}
[2026-03-25 09:17:09] INFO: Letter PDF generated | meta={"jobId":"69c35a6a7ebcde98d2e0999c-09","rollNumber":"09","pdfPath":"/Users/hardik/Downloads/attendance-system/backend/uploads/letters/letter_69c35a6a7ebcde98d2e0999c_09.pdf"}
[2026-03-25 09:17:13] INFO: Processing letter job | meta={"jobId":"69c35a6a7ebcde98d2e0999c-05","reportId":"69c35a6a7ebcde98d2e0999c","rollNumber":"05"}
[2026-03-25 09:17:13] INFO: Processing letter job | meta={"jobId":"69c35a6a7ebcde98d2e0999c-03","reportId":"69c35a6a7ebcde98d2e0999c","rollNumber":"03"}
[2026-03-25 09:17:13] INFO: Letter PDF generated | meta={"jobId":"69c35a6a7ebcde98d2e0999c-05","rollNumber":"05","pdfPath":"/Users/hardik/Downloads/attendance-system/backend/uploads/letters/letter_69c35a6a7ebcde98d2e0999c_05.pdf"}
[2026-03-25 09:17:13] INFO: Letter PDF generated | meta={"jobId":"69c35a6a7ebcde98d2e0999c-03","rollNumber":"03","pdfPath":"/Users/hardik/Downloads/attendance-system/backend/uploads/letters/letter_69c35a6a7ebcde98d2e0999c_03.pdf"}
[2026-03-25 09:18:24] ERROR: Email send failed | meta={"to":"hardik.mahajan23@pccoepune.org","student":"Ishaan Tiwari","error":"connect ETIMEDOUT 192.178.211.109:587","jobId":"69c35a6a7ebcde98d2e0999c-09"}
[2026-03-25 09:18:24] ERROR: Email dispatch failed | meta={"jobId":"69c35a6a7ebcde98d2e0999c-09","rollNumber":"09","error":"connect ETIMEDOUT 192.178.211.109:587"}
[2026-03-25 09:18:24] ERROR: Job failed | meta={"jobId":"69c35a6a7ebcde98d2e0999c-09","attempt":1,"maxAttempts":3,"error":"connect ETIMEDOUT 192.178.211.109:587","data":{"reportId":"69c35a6a7ebcde98d2e0999c","rollNumber":"09","teacherEmail":"anjali@school.edu"}}
[2026-03-25 09:18:24] INFO: Processing letter job | meta={"jobId":"69c35a6a7ebcde98d2e0999c-07","reportId":"69c35a6a7ebcde98d2e0999c","rollNumber":"07"}
[2026-03-25 09:18:24] INFO: Letter PDF generated | meta={"jobId":"69c35a6a7ebcde98d2e0999c-07","rollNumber":"07","pdfPath":"/Users/hardik/Downloads/attendance-system/backend/uploads/letters/letter_69c35a6a7ebcde98d2e0999c_07.pdf"}
[2026-03-25 09:18:28] ERROR: Email send failed | meta={"to":"hardik.mahajan23@pccoepune.org","student":"Eshan Kapoor","error":"connect ETIMEDOUT 192.178.211.109:587","jobId":"69c35a6a7ebcde98d2e0999c-05"}
[2026-03-25 09:18:28] ERROR: Email send failed | meta={"to":"hardik.mahajan23@pccoepune.org","student":"Chirag Mehta","error":"connect ETIMEDOUT 192.178.211.109:587","jobId":"69c35a6a7ebcde98d2e0999c-03"}
[2026-03-25 09:18:28] ERROR: Email dispatch failed | meta={"jobId":"69c35a6a7ebcde98d2e0999c-05","rollNumber":"05","error":"connect ETIMEDOUT 192.178.211.109:587"}
[2026-03-25 09:18:28] ERROR: Email dispatch failed | meta={"jobId":"69c35a6a7ebcde98d2e0999c-03","rollNumber":"03","error":"connect ETIMEDOUT 192.178.211.109:587"}
[2026-03-25 09:18:28] ERROR: Job failed | meta={"jobId":"69c35a6a7ebcde98d2e0999c-05","attempt":2,"maxAttempts":3,"error":"connect ETIMEDOUT 192.178.211.109:587","data":{"reportId":"69c35a6a7ebcde98d2e0999c","rollNumber":"05","teacherEmail":"anjali@school.edu"}}
[2026-03-25 09:18:28] ERROR: Job failed | meta={"jobId":"69c35a6a7ebcde98d2e0999c-03","attempt":2,"maxAttempts":3,"error":"connect ETIMEDOUT 192.178.211.109:587","data":{"reportId":"69c35a6a7ebcde98d2e0999c","rollNumber":"03","teacherEmail":"anjali@school.edu"}}
[2026-03-25 09:18:29] INFO: Processing letter job | meta={"jobId":"69c35a6a7ebcde98d2e0999c-09","reportId":"69c35a6a7ebcde98d2e0999c","rollNumber":"09"}
[2026-03-25 09:18:29] INFO: Letter PDF generated | meta={"jobId":"69c35a6a7ebcde98d2e0999c-09","rollNumber":"09","pdfPath":"/Users/hardik/Downloads/attendance-system/backend/uploads/letters/letter_69c35a6a7ebcde98d2e0999c_09.pdf"}
[2026-03-25 09:18:43] INFO: Processing letter job | meta={"jobId":"69c35a6a7ebcde98d2e0999c-05","reportId":"69c35a6a7ebcde98d2e0999c","rollNumber":"05"}
[2026-03-25 09:18:43] INFO: Letter PDF generated | meta={"jobId":"69c35a6a7ebcde98d2e0999c-05","rollNumber":"05","pdfPath":"/Users/hardik/Downloads/attendance-system/backend/uploads/letters/letter_69c35a6a7ebcde98d2e0999c_05.pdf"}
[2026-03-25 09:19:39] ERROR: Email send failed | meta={"to":"hardik.mahajan23@pccoepune.org","student":"Gaurav Joshi","error":"connect ETIMEDOUT 192.178.211.109:587","jobId":"69c35a6a7ebcde98d2e0999c-07"}
[2026-03-25 09:19:39] ERROR: Email dispatch failed | meta={"jobId":"69c35a6a7ebcde98d2e0999c-07","rollNumber":"07","error":"connect ETIMEDOUT 192.178.211.109:587"}
[2026-03-25 09:19:39] ERROR: Job failed | meta={"jobId":"69c35a6a7ebcde98d2e0999c-07","attempt":2,"maxAttempts":3,"error":"connect ETIMEDOUT 192.178.211.109:587","data":{"reportId":"69c35a6a7ebcde98d2e0999c","rollNumber":"07","teacherEmail":"anjali@school.edu"}}
[2026-03-25 09:19:39] INFO: Processing letter job | meta={"jobId":"69c35a6a7ebcde98d2e0999c-03","reportId":"69c35a6a7ebcde98d2e0999c","rollNumber":"03"}
[2026-03-25 09:19:39] INFO: Letter PDF generated | meta={"jobId":"69c35a6a7ebcde98d2e0999c-03","rollNumber":"03","pdfPath":"/Users/hardik/Downloads/attendance-system/backend/uploads/letters/letter_69c35a6a7ebcde98d2e0999c_03.pdf"}
[2026-03-25 09:19:44] INFO: File upload received | meta={"userId":"69c2cd83eada7a6de62af206","filename":"sample_attendance.csv","size":1197}
[2026-03-25 09:19:44] INFO: Sheet parsed | meta={"totalRows":10,"validStudents":10,"parseErrors":0,"belowThreshold":4}
[2026-03-25 09:19:44] INFO: Report saved to DB | meta={"reportId":"69c35b587ebcde98d2e099f7","total":10,"below":4,"userId":"69c2cd83eada7a6de62af206"}
[2026-03-25 09:19:44] ERROR: Email send failed | meta={"to":"hardik.mahajan23@pccoepune.org","student":"Ishaan Tiwari","error":"connect ETIMEDOUT 192.178.211.109:587","jobId":"69c35a6a7ebcde98d2e0999c-09"}
[2026-03-25 09:19:44] ERROR: Email dispatch failed | meta={"jobId":"69c35a6a7ebcde98d2e0999c-09","rollNumber":"09","error":"connect ETIMEDOUT 192.178.211.109:587"}
[2026-03-25 09:19:44] ERROR: Job failed | meta={"jobId":"69c35a6a7ebcde98d2e0999c-09","attempt":2,"maxAttempts":3,"error":"connect ETIMEDOUT 192.178.211.109:587","data":{"reportId":"69c35a6a7ebcde98d2e0999c","rollNumber":"09","teacherEmail":"anjali@school.edu"}}
[2026-03-25 09:19:45] INFO: Processing letter job | meta={"jobId":"69c35b587ebcde98d2e099f7-03","reportId":"69c35b587ebcde98d2e099f7","rollNumber":"03"}
[2026-03-25 09:19:45] INFO: Letter jobs enqueued | meta={"reportId":"69c35b587ebcde98d2e099f7","count":4,"teacherEmail":"anjali@school.edu"}
[2026-03-25 09:19:45] INFO: Letters dispatched | meta={"reportId":"69c35b587ebcde98d2e099f7","queued":4,"teacherEmail":"anjali@school.edu","dispatchedBy":"69c2cd83eada7a6de62af206"}
[2026-03-25 09:19:46] INFO: PDF generated successfully | meta={"file":"letter_69c35b587ebcde98d2e099f7_03.pdf"}
[2026-03-25 09:19:46] INFO: Letter PDF generated | meta={"jobId":"69c35b587ebcde98d2e099f7-03","rollNumber":"03","pdfPath":"/Users/hardik/Downloads/attendance-system/backend/uploads/letters/letter_69c35b587ebcde98d2e099f7_03.pdf"}
[2026-03-25 09:19:47] INFO: Email sent to parent | meta={"to":"hardik.mahajan23@pccoepune.org","student":"Chirag Mehta","messageId":"<7e801f39-4473-a033-174b-f2d6788c3d62@gmail.com>","jobId":"69c35a6a7ebcde98d2e0999c-03"}
[2026-03-25 09:19:47] INFO: Email dispatched | meta={"jobId":"69c35a6a7ebcde98d2e0999c-03","rollNumber":"03","to":"hardik.mahajan23@pccoepune.org"}
[2026-03-25 09:19:47] INFO: Job completed | meta={"jobId":"69c35a6a7ebcde98d2e0999c-03","result":{"success":true,"roll":"03","pdfPath":"/Users/hardik/Downloads/attendance-system/backend/uploads/letters/letter_69c35a6a7ebcde98d2e0999c_03.pdf"}}
[2026-03-25 09:19:47] INFO: Processing letter job | meta={"jobId":"69c35b587ebcde98d2e099f7-05","reportId":"69c35b587ebcde98d2e099f7","rollNumber":"05"}
[2026-03-25 09:19:48] INFO: PDF generated successfully | meta={"file":"letter_69c35b587ebcde98d2e099f7_05.pdf"}
[2026-03-25 09:19:48] INFO: Letter PDF generated | meta={"jobId":"69c35b587ebcde98d2e099f7-05","rollNumber":"05","pdfPath":"/Users/hardik/Downloads/attendance-system/backend/uploads/letters/letter_69c35b587ebcde98d2e099f7_05.pdf"}
[2026-03-25 09:19:53] INFO: Email sent to parent | meta={"to":"hardik.mahajan23@pccoepune.org","student":"Eshan Kapoor","messageId":"<db45c897-f3e7-19d2-2415-bc390a62b8ae@gmail.com>","jobId":"69c35b587ebcde98d2e099f7-05"}
[2026-03-25 09:19:53] INFO: Email dispatched | meta={"jobId":"69c35b587ebcde98d2e099f7-05","rollNumber":"05","to":"hardik.mahajan23@pccoepune.org"}
[2026-03-25 09:19:53] INFO: Job completed | meta={"jobId":"69c35b587ebcde98d2e099f7-05","result":{"success":true,"roll":"05","pdfPath":"/Users/hardik/Downloads/attendance-system/backend/uploads/letters/letter_69c35b587ebcde98d2e099f7_05.pdf"}}
[2026-03-25 09:19:53] INFO: Processing letter job | meta={"jobId":"69c35b587ebcde98d2e099f7-07","reportId":"69c35b587ebcde98d2e099f7","rollNumber":"07"}
[2026-03-25 09:19:53] INFO: PDF generated successfully | meta={"file":"letter_69c35b587ebcde98d2e099f7_07.pdf"}
[2026-03-25 09:19:54] INFO: Letter PDF generated | meta={"jobId":"69c35b587ebcde98d2e099f7-07","rollNumber":"07","pdfPath":"/Users/hardik/Downloads/attendance-system/backend/uploads/letters/letter_69c35b587ebcde98d2e099f7_07.pdf"}
[2026-03-25 09:19:55] INFO: Email sent to parent | meta={"to":"hardik.mahajan23@pccoepune.org","student":"Chirag Mehta","messageId":"<b328dfd1-43ca-591f-739c-b16336011c18@gmail.com>","jobId":"69c35b587ebcde98d2e099f7-03"}
[2026-03-25 09:19:55] INFO: Email dispatched | meta={"jobId":"69c35b587ebcde98d2e099f7-03","rollNumber":"03","to":"hardik.mahajan23@pccoepune.org"}
[2026-03-25 09:19:55] INFO: Job completed | meta={"jobId":"69c35b587ebcde98d2e099f7-03","result":{"success":true,"roll":"03","pdfPath":"/Users/hardik/Downloads/attendance-system/backend/uploads/letters/letter_69c35b587ebcde98d2e099f7_03.pdf"}}
[2026-03-25 09:19:55] INFO: Processing letter job | meta={"jobId":"69c35b587ebcde98d2e099f7-09","reportId":"69c35b587ebcde98d2e099f7","rollNumber":"09"}
[2026-03-25 09:19:56] INFO: PDF generated successfully | meta={"file":"letter_69c35b587ebcde98d2e099f7_09.pdf"}
[2026-03-25 09:19:56] INFO: Letter PDF generated | meta={"jobId":"69c35b587ebcde98d2e099f7-09","rollNumber":"09","pdfPath":"/Users/hardik/Downloads/attendance-system/backend/uploads/letters/letter_69c35b587ebcde98d2e099f7_09.pdf"}
[2026-03-25 09:19:58] INFO: Email sent to parent | meta={"to":"hardik.mahajan23@pccoepune.org","student":"Gaurav Joshi","messageId":"<2e930fb4-e380-f5ff-518d-f8e169f33baa@gmail.com>","jobId":"69c35b587ebcde98d2e099f7-07"}
[2026-03-25 09:19:58] INFO: Email dispatched | meta={"jobId":"69c35b587ebcde98d2e099f7-07","rollNumber":"07","to":"hardik.mahajan23@pccoepune.org"}
[2026-03-25 09:19:58] ERROR: Email send failed | meta={"to":"hardik.mahajan23@pccoepune.org","student":"Eshan Kapoor","error":"connect ETIMEDOUT 192.178.211.109:587","jobId":"69c35a6a7ebcde98d2e0999c-05"}
[2026-03-25 09:19:58] INFO: Job completed | meta={"jobId":"69c35b587ebcde98d2e099f7-07","result":{"success":true,"roll":"07","pdfPath":"/Users/hardik/Downloads/attendance-system/backend/uploads/letters/letter_69c35b587ebcde98d2e099f7_07.pdf"}}
[2026-03-25 09:19:58] INFO: Processing letter job | meta={"jobId":"69c35a6a7ebcde98d2e0999c-07","reportId":"69c35a6a7ebcde98d2e0999c","rollNumber":"07"}
[2026-03-25 09:19:58] ERROR: Email dispatch failed | meta={"jobId":"69c35a6a7ebcde98d2e0999c-05","rollNumber":"05","error":"connect ETIMEDOUT 192.178.211.109:587"}
[2026-03-25 09:19:58] ERROR: Job failed | meta={"jobId":"69c35a6a7ebcde98d2e0999c-05","attempt":3,"maxAttempts":3,"error":"connect ETIMEDOUT 192.178.211.109:587","data":{"reportId":"69c35a6a7ebcde98d2e0999c","rollNumber":"05","teacherEmail":"anjali@school.edu"}}
[2026-03-25 09:19:58] INFO: Letter PDF generated | meta={"jobId":"69c35a6a7ebcde98d2e0999c-07","rollNumber":"07","pdfPath":"/Users/hardik/Downloads/attendance-system/backend/uploads/letters/letter_69c35a6a7ebcde98d2e0999c_07.pdf"}
[2026-03-25 09:19:59] INFO: Processing letter job | meta={"jobId":"69c35a6a7ebcde98d2e0999c-09","reportId":"69c35a6a7ebcde98d2e0999c","rollNumber":"09"}
[2026-03-25 09:19:59] INFO: Letter PDF generated | meta={"jobId":"69c35a6a7ebcde98d2e0999c-09","rollNumber":"09","pdfPath":"/Users/hardik/Downloads/attendance-system/backend/uploads/letters/letter_69c35a6a7ebcde98d2e0999c_09.pdf"}
[2026-03-25 09:20:00] INFO: Email sent to parent | meta={"to":"hardik.mahajan23@pccoepune.org","student":"Ishaan Tiwari","messageId":"<937b6b29-cf49-4bf2-0022-7e7b52a43f76@gmail.com>","jobId":"69c35b587ebcde98d2e099f7-09"}
[2026-03-25 09:20:00] INFO: Email dispatched | meta={"jobId":"69c35b587ebcde98d2e099f7-09","rollNumber":"09","to":"hardik.mahajan23@pccoepune.org"}
[2026-03-25 09:20:00] INFO: All letters processed for report | meta={"reportId":"69c35b587ebcde98d2e099f7","total":4,"sent":4,"failed":0}
[2026-03-25 09:20:00] INFO: Job completed | meta={"jobId":"69c35b587ebcde98d2e099f7-09","result":{"success":true,"roll":"09","pdfPath":"/Users/hardik/Downloads/attendance-system/backend/uploads/letters/letter_69c35b587ebcde98d2e099f7_09.pdf"}}
[2026-03-25 09:20:03] INFO: Email sent to parent | meta={"to":"hardik.mahajan23@pccoepune.org","student":"Gaurav Joshi","messageId":"<b68e9574-0033-316c-3fbb-fbd2430dce0d@gmail.com>","jobId":"69c35a6a7ebcde98d2e0999c-07"}
[2026-03-25 09:20:03] INFO: Email dispatched | meta={"jobId":"69c35a6a7ebcde98d2e0999c-07","rollNumber":"07","to":"hardik.mahajan23@pccoepune.org"}
[2026-03-25 09:20:03] INFO: Job completed | meta={"jobId":"69c35a6a7ebcde98d2e0999c-07","result":{"success":true,"roll":"07","pdfPath":"/Users/hardik/Downloads/attendance-system/backend/uploads/letters/letter_69c35a6a7ebcde98d2e0999c_07.pdf"}}
[2026-03-25 09:20:08] INFO: Email sent to parent | meta={"to":"hardik.mahajan23@pccoepune.org","student":"Ishaan Tiwari","messageId":"<3446bba3-ccbe-1c92-60d2-d48ba34da49d@gmail.com>","jobId":"69c35a6a7ebcde98d2e0999c-09"}
[2026-03-25 09:20:08] INFO: Email dispatched | meta={"jobId":"69c35a6a7ebcde98d2e0999c-09","rollNumber":"09","to":"hardik.mahajan23@pccoepune.org"}
[2026-03-25 09:20:08] INFO: All letters processed for report | meta={"reportId":"69c35a6a7ebcde98d2e0999c","total":4,"sent":3,"failed":1}
[2026-03-25 09:20:08] INFO: Job completed | meta={"jobId":"69c35a6a7ebcde98d2e0999c-09","result":{"success":true,"roll":"09","pdfPath":"/Users/hardik/Downloads/attendance-system/backend/uploads/letters/letter_69c35a6a7ebcde98d2e0999c_09.pdf"}}
