[2026-03-24 23:14:52] ERROR: Uncaught exception | meta={"error":"listen EADDRINUSE: address already in use :::5000"}
Error: listen EADDRINUSE: address already in use :::5000
    at Server.setupListenHandle [as _listen2] (node:net:1940:16)
    at listenInCluster (node:net:1997:12)
    at Server.listen (node:net:2102:7)
    at app.listen (/Users/hardik/Downloads/attendance-system/backend/node_modules/express/lib/application.js:635:24)
    at start (/Users/hardik/Downloads/attendance-system/backend/server.js:101:7)
    at process.processTicksAndRejections (node:internal/process/task_queues:103:5)
[2026-03-24 23:25:08] ERROR: LaTeX compilation failed | meta={"filename":"letter_69c2cfd883e901c26159a98f_03","error":"spawn pdflatex ENOENT"}
[2026-03-24 23:25:08] ERROR: PDF generation failed | meta={"jobId":"69c2cfd883e901c26159a98f-03","rollNumber":"03","error":"PDF generation failed for letter_69c2cfd883e901c26159a98f_03: spawn pdflatex ENOENT"}
[2026-03-24 23:25:08] ERROR: LaTeX compilation failed | meta={"filename":"letter_69c2cfd883e901c26159a98f_05","error":"spawn pdflatex ENOENT"}
[2026-03-24 23:25:08] ERROR: PDF generation failed | meta={"jobId":"69c2cfd883e901c26159a98f-05","rollNumber":"05","error":"PDF generation failed for letter_69c2cfd883e901c26159a98f_05: spawn pdflatex ENOENT"}
[2026-03-24 23:25:08] ERROR: LaTeX compilation failed | meta={"filename":"letter_69c2cfd883e901c26159a98f_07","error":"spawn pdflatex ENOENT"}
[2026-03-24 23:25:08] ERROR: PDF generation failed | meta={"jobId":"69c2cfd883e901c26159a98f-07","rollNumber":"07","error":"PDF generation failed for letter_69c2cfd883e901c26159a98f_07: spawn pdflatex ENOENT"}
[2026-03-24 23:25:08] ERROR: Job failed | meta={"jobId":"69c2cfd883e901c26159a98f-03","attempt":1,"maxAttempts":3,"error":"PDF generation failed for letter_69c2cfd883e901c26159a98f_03: spawn pdflatex ENOENT","data":{"reportId":"69c2cfd883e901c26159a98f","rollNumber":"03","teacherEmail":"hardikmahajan97@gmail.com"}}
[2026-03-24 23:25:08] ERROR: Job failed | meta={"jobId":"69c2cfd883e901c26159a98f-05","attempt":1,"maxAttempts":3,"error":"PDF generation failed for letter_69c2cfd883e901c26159a98f_05: spawn pdflatex ENOENT","data":{"reportId":"69c2cfd883e901c26159a98f","rollNumber":"05","teacherEmail":"hardikmahajan97@gmail.com"}}
[2026-03-24 23:25:08] ERROR: Job failed | meta={"jobId":"69c2cfd883e901c26159a98f-07","attempt":1,"maxAttempts":3,"error":"PDF generation failed for letter_69c2cfd883e901c26159a98f_07: spawn pdflatex ENOENT","data":{"reportId":"69c2cfd883e901c26159a98f","rollNumber":"07","teacherEmail":"hardikmahajan97@gmail.com"}}
[2026-03-24 23:25:08] ERROR: LaTeX compilation failed | meta={"filename":"letter_69c2cfd883e901c26159a98f_09","error":"spawn pdflatex ENOENT"}
[2026-03-24 23:25:08] ERROR: PDF generation failed | meta={"jobId":"69c2cfd883e901c26159a98f-09","rollNumber":"09","error":"PDF generation failed for letter_69c2cfd883e901c26159a98f_09: spawn pdflatex ENOENT"}
[2026-03-24 23:25:08] ERROR: Job failed | meta={"jobId":"69c2cfd883e901c26159a98f-09","attempt":1,"maxAttempts":3,"error":"PDF generation failed for letter_69c2cfd883e901c26159a98f_09: spawn pdflatex ENOENT","data":{"reportId":"69c2cfd883e901c26159a98f","rollNumber":"09","teacherEmail":"hardikmahajan97@gmail.com"}}
[2026-03-24 23:25:13] ERROR: LaTeX compilation failed | meta={"filename":"letter_69c2cfd883e901c26159a98f_03","error":"spawn pdflatex ENOENT"}
[2026-03-24 23:25:13] ERROR: PDF generation failed | meta={"jobId":"69c2cfd883e901c26159a98f-03","rollNumber":"03","error":"PDF generation failed for letter_69c2cfd883e901c26159a98f_03: spawn pdflatex ENOENT"}
[2026-03-24 23:25:13] ERROR: LaTeX compilation failed | meta={"filename":"letter_69c2cfd883e901c26159a98f_05","error":"spawn pdflatex ENOENT"}
[2026-03-24 23:25:13] ERROR: PDF generation failed | meta={"jobId":"69c2cfd883e901c26159a98f-05","rollNumber":"05","error":"PDF generation failed for letter_69c2cfd883e901c26159a98f_05: spawn pdflatex ENOENT"}
[2026-03-24 23:25:13] ERROR: Job failed | meta={"jobId":"69c2cfd883e901c26159a98f-03","attempt":2,"maxAttempts":3,"error":"PDF generation failed for letter_69c2cfd883e901c26159a98f_03: spawn pdflatex ENOENT","data":{"reportId":"69c2cfd883e901c26159a98f","rollNumber":"03","teacherEmail":"hardikmahajan97@gmail.com"}}
[2026-03-24 23:25:13] ERROR: LaTeX compilation failed | meta={"filename":"letter_69c2cfd883e901c26159a98f_07","error":"spawn pdflatex ENOENT"}
[2026-03-24 23:25:13] ERROR: PDF generation failed | meta={"jobId":"69c2cfd883e901c26159a98f-07","rollNumber":"07","error":"PDF generation failed for letter_69c2cfd883e901c26159a98f_07: spawn pdflatex ENOENT"}
[2026-03-24 23:25:13] ERROR: Job failed | meta={"jobId":"69c2cfd883e901c26159a98f-05","attempt":2,"maxAttempts":3,"error":"PDF generation failed for letter_69c2cfd883e901c26159a98f_05: spawn pdflatex ENOENT","data":{"reportId":"69c2cfd883e901c26159a98f","rollNumber":"05","teacherEmail":"hardikmahajan97@gmail.com"}}
[2026-03-24 23:25:13] ERROR: Job failed | meta={"jobId":"69c2cfd883e901c26159a98f-07","attempt":2,"maxAttempts":3,"error":"PDF generation failed for letter_69c2cfd883e901c26159a98f_07: spawn pdflatex ENOENT","data":{"reportId":"69c2cfd883e901c26159a98f","rollNumber":"07","teacherEmail":"hardikmahajan97@gmail.com"}}
[2026-03-24 23:25:13] ERROR: LaTeX compilation failed | meta={"filename":"letter_69c2cfd883e901c26159a98f_09","error":"spawn pdflatex ENOENT"}
[2026-03-24 23:25:13] ERROR: PDF generation failed | meta={"jobId":"69c2cfd883e901c26159a98f-09","rollNumber":"09","error":"PDF generation failed for letter_69c2cfd883e901c26159a98f_09: spawn pdflatex ENOENT"}
[2026-03-24 23:25:13] ERROR: Job failed | meta={"jobId":"69c2cfd883e901c26159a98f-09","attempt":2,"maxAttempts":3,"error":"PDF generation failed for letter_69c2cfd883e901c26159a98f_09: spawn pdflatex ENOENT","data":{"reportId":"69c2cfd883e901c26159a98f","rollNumber":"09","teacherEmail":"hardikmahajan97@gmail.com"}}
[2026-03-24 23:25:28] ERROR: LaTeX compilation failed | meta={"filename":"letter_69c2cfd883e901c26159a98f_03","error":"spawn pdflatex ENOENT"}
[2026-03-24 23:25:28] ERROR: PDF generation failed | meta={"jobId":"69c2cfd883e901c26159a98f-03","rollNumber":"03","error":"PDF generation failed for letter_69c2cfd883e901c26159a98f_03: spawn pdflatex ENOENT"}
[2026-03-24 23:25:28] ERROR: LaTeX compilation failed | meta={"filename":"letter_69c2cfd883e901c26159a98f_05","error":"spawn pdflatex ENOENT"}
[2026-03-24 23:25:28] ERROR: PDF generation failed | meta={"jobId":"69c2cfd883e901c26159a98f-05","rollNumber":"05","error":"PDF generation failed for letter_69c2cfd883e901c26159a98f_05: spawn pdflatex ENOENT"}
[2026-03-24 23:25:28] ERROR: Job failed | meta={"jobId":"69c2cfd883e901c26159a98f-03","attempt":3,"maxAttempts":3,"error":"PDF generation failed for letter_69c2cfd883e901c26159a98f_03: spawn pdflatex ENOENT","data":{"reportId":"69c2cfd883e901c26159a98f","rollNumber":"03","teacherEmail":"hardikmahajan97@gmail.com"}}
[2026-03-24 23:25:29] ERROR: LaTeX compilation failed | meta={"filename":"letter_69c2cfd883e901c26159a98f_07","error":"spawn pdflatex ENOENT"}
[2026-03-24 23:25:29] ERROR: PDF generation failed | meta={"jobId":"69c2cfd883e901c26159a98f-07","rollNumber":"07","error":"PDF generation failed for letter_69c2cfd883e901c26159a98f_07: spawn pdflatex ENOENT"}
[2026-03-24 23:25:29] ERROR: Job failed | meta={"jobId":"69c2cfd883e901c26159a98f-05","attempt":3,"maxAttempts":3,"error":"PDF generation failed for letter_69c2cfd883e901c26159a98f_05: spawn pdflatex ENOENT","data":{"reportId":"69c2cfd883e901c26159a98f","rollNumber":"05","teacherEmail":"hardikmahajan97@gmail.com"}}
[2026-03-24 23:25:29] ERROR: Job failed | meta={"jobId":"69c2cfd883e901c26159a98f-07","attempt":3,"maxAttempts":3,"error":"PDF generation failed for letter_69c2cfd883e901c26159a98f_07: spawn pdflatex ENOENT","data":{"reportId":"69c2cfd883e901c26159a98f","rollNumber":"07","teacherEmail":"hardikmahajan97@gmail.com"}}
[2026-03-24 23:25:29] ERROR: LaTeX compilation failed | meta={"filename":"letter_69c2cfd883e901c26159a98f_09","error":"spawn pdflatex ENOENT"}
[2026-03-24 23:25:29] ERROR: PDF generation failed | meta={"jobId":"69c2cfd883e901c26159a98f-09","rollNumber":"09","error":"PDF generation failed for letter_69c2cfd883e901c26159a98f_09: spawn pdflatex ENOENT"}
[2026-03-24 23:25:29] ERROR: Job failed | meta={"jobId":"69c2cfd883e901c26159a98f-09","attempt":3,"maxAttempts":3,"error":"PDF generation failed for letter_69c2cfd883e901c26159a98f_09: spawn pdflatex ENOENT","data":{"reportId":"69c2cfd883e901c26159a98f","rollNumber":"09","teacherEmail":"hardikmahajan97@gmail.com"}}
[2026-03-24 23:30:01] ERROR: Email send failed | meta={"to":"parent5@example.com","student":"Eshan Kapoor","error":"Invalid login: 535-5.7.8 Username and Password not accepted. For more information, go to\n535 5.7.8  https://support.google.com/mail/?p=BadCredentials 41be03b00d2f7-c743a938743sm10225578a12.19 - gsmtp","jobId":"69c2d11948dc21b8751abd4c-05"}
[2026-03-24 23:30:01] ERROR: Email send failed | meta={"to":"parent7@example.com","student":"Gaurav Joshi","error":"Invalid login: 535-5.7.8 Username and Password not accepted. For more information, go to\n535 5.7.8  https://support.google.com/mail/?p=BadCredentials d9443c01a7336-2b0835429afsm146127015ad.26 - gsmtp","jobId":"69c2d11948dc21b8751abd4c-07"}
[2026-03-24 23:30:01] ERROR: Email send failed | meta={"to":"parent3@example.com","student":"Chirag Mehta","error":"Invalid login: 535-5.7.8 Username and Password not accepted. For more information, go to\n535 5.7.8  https://support.google.com/mail/?p=BadCredentials 98e67ed59e1d1-35c031ed064sm3058159a91.9 - gsmtp","jobId":"69c2d11948dc21b8751abd4c-03"}
[2026-03-24 23:30:01] ERROR: Email dispatch failed | meta={"jobId":"69c2d11948dc21b8751abd4c-05","rollNumber":"05","error":"Invalid login: 535-5.7.8 Username and Password not accepted. For more information, go to\n535 5.7.8  https://support.google.com/mail/?p=BadCredentials 41be03b00d2f7-c743a938743sm10225578a12.19 - gsmtp"}
[2026-03-24 23:30:01] ERROR: Email dispatch failed | meta={"jobId":"69c2d11948dc21b8751abd4c-07","rollNumber":"07","error":"Invalid login: 535-5.7.8 Username and Password not accepted. For more information, go to\n535 5.7.8  https://support.google.com/mail/?p=BadCredentials d9443c01a7336-2b0835429afsm146127015ad.26 - gsmtp"}
[2026-03-24 23:30:01] ERROR: Email dispatch failed | meta={"jobId":"69c2d11948dc21b8751abd4c-03","rollNumber":"03","error":"Invalid login: 535-5.7.8 Username and Password not accepted. For more information, go to\n535 5.7.8  https://support.google.com/mail/?p=BadCredentials 98e67ed59e1d1-35c031ed064sm3058159a91.9 - gsmtp"}
[2026-03-24 23:30:01] ERROR: Job failed | meta={"jobId":"69c2d11948dc21b8751abd4c-05","attempt":1,"maxAttempts":3,"error":"Invalid login: 535-5.7.8 Username and Password not accepted. For more information, go to\n535 5.7.8  https://support.google.com/mail/?p=BadCredentials 41be03b00d2f7-c743a938743sm10225578a12.19 - gsmtp","data":{"reportId":"69c2d11948dc21b8751abd4c","rollNumber":"05","teacherEmail":"anjali@school.edu"}}
[2026-03-24 23:30:01] ERROR: Job failed | meta={"jobId":"69c2d11948dc21b8751abd4c-07","attempt":1,"maxAttempts":3,"error":"Invalid login: 535-5.7.8 Username and Password not accepted. For more information, go to\n535 5.7.8  https://support.google.com/mail/?p=BadCredentials d9443c01a7336-2b0835429afsm146127015ad.26 - gsmtp","data":{"reportId":"69c2d11948dc21b8751abd4c","rollNumber":"07","teacherEmail":"anjali@school.edu"}}
[2026-03-24 23:30:01] ERROR: Job failed | meta={"jobId":"69c2d11948dc21b8751abd4c-03","attempt":1,"maxAttempts":3,"error":"Invalid login: 535-5.7.8 Username and Password not accepted. For more information, go to\n535 5.7.8  https://support.google.com/mail/?p=BadCredentials 98e67ed59e1d1-35c031ed064sm3058159a91.9 - gsmtp","data":{"reportId":"69c2d11948dc21b8751abd4c","rollNumber":"03","teacherEmail":"anjali@school.edu"}}
[2026-03-24 23:30:04] ERROR: Email send failed | meta={"to":"parent9@example.com","student":"Ishaan Tiwari","error":"Invalid login: 535-5.7.8 Username and Password not accepted. For more information, go to\n535 5.7.8  https://support.google.com/mail/?p=BadCredentials d2e1a72fcca58-82b03bbf0c2sm15509932b3a.15 - gsmtp","jobId":"69c2d11948dc21b8751abd4c-09"}
[2026-03-24 23:30:04] ERROR: Email dispatch failed | meta={"jobId":"69c2d11948dc21b8751abd4c-09","rollNumber":"09","error":"Invalid login: 535-5.7.8 Username and Password not accepted. For more information, go to\n535 5.7.8  https://support.google.com/mail/?p=BadCredentials d2e1a72fcca58-82b03bbf0c2sm15509932b3a.15 - gsmtp"}
[2026-03-24 23:30:04] ERROR: Job failed | meta={"jobId":"69c2d11948dc21b8751abd4c-09","attempt":1,"maxAttempts":3,"error":"Invalid login: 535-5.7.8 Username and Password not accepted. For more information, go to\n535 5.7.8  https://support.google.com/mail/?p=BadCredentials d2e1a72fcca58-82b03bbf0c2sm15509932b3a.15 - gsmtp","data":{"reportId":"69c2d11948dc21b8751abd4c","rollNumber":"09","teacherEmail":"anjali@school.edu"}}
[2026-03-24 23:30:08] ERROR: Email send failed | meta={"to":"parent3@example.com","student":"Chirag Mehta","error":"Invalid login: 535-5.7.8 Username and Password not accepted. For more information, go to\n535 5.7.8  https://support.google.com/mail/?p=BadCredentials 98e67ed59e1d1-35c0ddaa7easm140181a91.10 - gsmtp","jobId":"69c2d11948dc21b8751abd4c-03"}
[2026-03-24 23:30:08] ERROR: Email dispatch failed | meta={"jobId":"69c2d11948dc21b8751abd4c-03","rollNumber":"03","error":"Invalid login: 535-5.7.8 Username and Password not accepted. For more information, go to\n535 5.7.8  https://support.google.com/mail/?p=BadCredentials 98e67ed59e1d1-35c0ddaa7easm140181a91.10 - gsmtp"}
[2026-03-24 23:30:08] ERROR: Job failed | meta={"jobId":"69c2d11948dc21b8751abd4c-03","attempt":2,"maxAttempts":3,"error":"Invalid login: 535-5.7.8 Username and Password not accepted. For more information, go to\n535 5.7.8  https://support.google.com/mail/?p=BadCredentials 98e67ed59e1d1-35c0ddaa7easm140181a91.10 - gsmtp","data":{"reportId":"69c2d11948dc21b8751abd4c","rollNumber":"03","teacherEmail":"anjali@school.edu"}}
[2026-03-24 23:30:08] ERROR: Email send failed | meta={"to":"parent5@example.com","student":"Eshan Kapoor","error":"Invalid login: 535-5.7.8 Username and Password not accepted. For more information, go to\n535 5.7.8  https://support.google.com/mail/?p=BadCredentials 41be03b00d2f7-c74443ccbe4sm10474626a12.22 - gsmtp","jobId":"69c2d11948dc21b8751abd4c-05"}
[2026-03-24 23:30:08] ERROR: Email dispatch failed | meta={"jobId":"69c2d11948dc21b8751abd4c-05","rollNumber":"05","error":"Invalid login: 535-5.7.8 Username and Password not accepted. For more information, go to\n535 5.7.8  https://support.google.com/mail/?p=BadCredentials 41be03b00d2f7-c74443ccbe4sm10474626a12.22 - gsmtp"}
[2026-03-24 23:30:08] ERROR: Job failed | meta={"jobId":"69c2d11948dc21b8751abd4c-05","attempt":2,"maxAttempts":3,"error":"Invalid login: 535-5.7.8 Username and Password not accepted. For more information, go to\n535 5.7.8  https://support.google.com/mail/?p=BadCredentials 41be03b00d2f7-c74443ccbe4sm10474626a12.22 - gsmtp","data":{"reportId":"69c2d11948dc21b8751abd4c","rollNumber":"05","teacherEmail":"anjali@school.edu"}}
[2026-03-24 23:30:09] ERROR: Email send failed | meta={"to":"parent7@example.com","student":"Gaurav Joshi","error":"Invalid login: 535-5.7.8 Username and Password not accepted. For more information, go to\n535 5.7.8  https://support.google.com/mail/?p=BadCredentials d9443c01a7336-2b083516400sm150966005ad.11 - gsmtp","jobId":"69c2d11948dc21b8751abd4c-07"}
[2026-03-24 23:30:09] ERROR: Email dispatch failed | meta={"jobId":"69c2d11948dc21b8751abd4c-07","rollNumber":"07","error":"Invalid login: 535-5.7.8 Username and Password not accepted. For more information, go to\n535 5.7.8  https://support.google.com/mail/?p=BadCredentials d9443c01a7336-2b083516400sm150966005ad.11 - gsmtp"}
[2026-03-24 23:30:09] ERROR: Job failed | meta={"jobId":"69c2d11948dc21b8751abd4c-07","attempt":2,"maxAttempts":3,"error":"Invalid login: 535-5.7.8 Username and Password not accepted. For more information, go to\n535 5.7.8  https://support.google.com/mail/?p=BadCredentials d9443c01a7336-2b083516400sm150966005ad.11 - gsmtp","data":{"reportId":"69c2d11948dc21b8751abd4c","rollNumber":"07","teacherEmail":"anjali@school.edu"}}
[2026-03-24 23:30:11] ERROR: Email send failed | meta={"to":"parent9@example.com","student":"Ishaan Tiwari","error":"Invalid login: 535-5.7.8 Username and Password not accepted. For more information, go to\n535 5.7.8  https://support.google.com/mail/?p=BadCredentials d9443c01a7336-2b08366c56bsm218010555ad.57 - gsmtp","jobId":"69c2d11948dc21b8751abd4c-09"}
[2026-03-24 23:30:11] ERROR: Email dispatch failed | meta={"jobId":"69c2d11948dc21b8751abd4c-09","rollNumber":"09","error":"Invalid login: 535-5.7.8 Username and Password not accepted. For more information, go to\n535 5.7.8  https://support.google.com/mail/?p=BadCredentials d9443c01a7336-2b08366c56bsm218010555ad.57 - gsmtp"}
[2026-03-24 23:30:12] ERROR: Job failed | meta={"jobId":"69c2d11948dc21b8751abd4c-09","attempt":2,"maxAttempts":3,"error":"Invalid login: 535-5.7.8 Username and Password not accepted. For more information, go to\n535 5.7.8  https://support.google.com/mail/?p=BadCredentials d9443c01a7336-2b08366c56bsm218010555ad.57 - gsmtp","data":{"reportId":"69c2d11948dc21b8751abd4c","rollNumber":"09","teacherEmail":"anjali@school.edu"}}
[2026-03-24 23:30:25] ERROR: Email send failed | meta={"to":"parent3@example.com","student":"Chirag Mehta","error":"Invalid login: 535-5.7.8 Username and Password not accepted. For more information, go to\n535 5.7.8  https://support.google.com/mail/?p=BadCredentials d9443c01a7336-2b08365535bsm146765975ad.50 - gsmtp","jobId":"69c2d11948dc21b8751abd4c-03"}
[2026-03-24 23:30:25] ERROR: Email dispatch failed | meta={"jobId":"69c2d11948dc21b8751abd4c-03","rollNumber":"03","error":"Invalid login: 535-5.7.8 Username and Password not accepted. For more information, go to\n535 5.7.8  https://support.google.com/mail/?p=BadCredentials d9443c01a7336-2b08365535bsm146765975ad.50 - gsmtp"}
[2026-03-24 23:30:26] ERROR: Job failed | meta={"jobId":"69c2d11948dc21b8751abd4c-03","attempt":3,"maxAttempts":3,"error":"Invalid login: 535-5.7.8 Username and Password not accepted. For more information, go to\n535 5.7.8  https://support.google.com/mail/?p=BadCredentials d9443c01a7336-2b08365535bsm146765975ad.50 - gsmtp","data":{"reportId":"69c2d11948dc21b8751abd4c","rollNumber":"03","teacherEmail":"anjali@school.edu"}}
[2026-03-24 23:30:26] ERROR: Email send failed | meta={"to":"parent5@example.com","student":"Eshan Kapoor","error":"Invalid login: 535-5.7.8 Username and Password not accepted. For more information, go to\n535 5.7.8  https://support.google.com/mail/?p=BadCredentials 98e67ed59e1d1-35c03172a8asm3628906a91.15 - gsmtp","jobId":"69c2d11948dc21b8751abd4c-05"}
[2026-03-24 23:30:26] ERROR: Email dispatch failed | meta={"jobId":"69c2d11948dc21b8751abd4c-05","rollNumber":"05","error":"Invalid login: 535-5.7.8 Username and Password not accepted. For more information, go to\n535 5.7.8  https://support.google.com/mail/?p=BadCredentials 98e67ed59e1d1-35c03172a8asm3628906a91.15 - gsmtp"}
[2026-03-24 23:30:26] ERROR: Job failed | meta={"jobId":"69c2d11948dc21b8751abd4c-05","attempt":3,"maxAttempts":3,"error":"Invalid login: 535-5.7.8 Username and Password not accepted. For more information, go to\n535 5.7.8  https://support.google.com/mail/?p=BadCredentials 98e67ed59e1d1-35c03172a8asm3628906a91.15 - gsmtp","data":{"reportId":"69c2d11948dc21b8751abd4c","rollNumber":"05","teacherEmail":"anjali@school.edu"}}
[2026-03-24 23:30:26] ERROR: Email send failed | meta={"to":"parent7@example.com","student":"Gaurav Joshi","error":"Invalid login: 535-5.7.8 Username and Password not accepted. For more information, go to\n535 5.7.8  https://support.google.com/mail/?p=BadCredentials 98e67ed59e1d1-35c0312f025sm2823602a91.2 - gsmtp","jobId":"69c2d11948dc21b8751abd4c-07"}
[2026-03-24 23:30:26] ERROR: Email dispatch failed | meta={"jobId":"69c2d11948dc21b8751abd4c-07","rollNumber":"07","error":"Invalid login: 535-5.7.8 Username and Password not accepted. For more information, go to\n535 5.7.8  https://support.google.com/mail/?p=BadCredentials 98e67ed59e1d1-35c0312f025sm2823602a91.2 - gsmtp"}
[2026-03-24 23:30:26] ERROR: Job failed | meta={"jobId":"69c2d11948dc21b8751abd4c-07","attempt":3,"maxAttempts":3,"error":"Invalid login: 535-5.7.8 Username and Password not accepted. For more information, go to\n535 5.7.8  https://support.google.com/mail/?p=BadCredentials 98e67ed59e1d1-35c0312f025sm2823602a91.2 - gsmtp","data":{"reportId":"69c2d11948dc21b8751abd4c","rollNumber":"07","teacherEmail":"anjali@school.edu"}}
[2026-03-24 23:30:29] ERROR: Email send failed | meta={"to":"parent9@example.com","student":"Ishaan Tiwari","error":"Invalid login: 535-5.7.8 Username and Password not accepted. For more information, go to\n535 5.7.8  https://support.google.com/mail/?p=BadCredentials 98e67ed59e1d1-35c0312f025sm2823689a91.2 - gsmtp","jobId":"69c2d11948dc21b8751abd4c-09"}
[2026-03-24 23:30:29] ERROR: Email dispatch failed | meta={"jobId":"69c2d11948dc21b8751abd4c-09","rollNumber":"09","error":"Invalid login: 535-5.7.8 Username and Password not accepted. For more information, go to\n535 5.7.8  https://support.google.com/mail/?p=BadCredentials 98e67ed59e1d1-35c0312f025sm2823689a91.2 - gsmtp"}
[2026-03-24 23:30:29] ERROR: Job failed | meta={"jobId":"69c2d11948dc21b8751abd4c-09","attempt":3,"maxAttempts":3,"error":"Invalid login: 535-5.7.8 Username and Password not accepted. For more information, go to\n535 5.7.8  https://support.google.com/mail/?p=BadCredentials 98e67ed59e1d1-35c0312f025sm2823689a91.2 - gsmtp","data":{"reportId":"69c2d11948dc21b8751abd4c","rollNumber":"09","teacherEmail":"anjali@school.edu"}}
[2026-03-24 23:42:14] ERROR: Email send failed | meta={"to":"hardik.mahajan23@pccoepune.org","student":"Chirag Mehta","error":"Invalid login: 535-5.7.8 Username and Password not accepted. For more information, go to\n535 5.7.8  https://support.google.com/mail/?p=BadCredentials d9443c01a7336-2b0836ace98sm155864855ad.80 - gsmtp","jobId":"69c2d3f937335c1976761492-03"}
[2026-03-24 23:42:14] ERROR: Email send failed | meta={"to":"hardik.mahajan23@pccoepune.org","student":"Gaurav Joshi","error":"Invalid login: 535-5.7.8 Username and Password not accepted. For more information, go to\n535 5.7.8  https://support.google.com/mail/?p=BadCredentials d2e1a72fcca58-82b0409f409sm12918933b3a.31 - gsmtp","jobId":"69c2d3f937335c1976761492-07"}
[2026-03-24 23:42:14] ERROR: Email send failed | meta={"to":"hardik.mahajan23@pccoepune.org","student":"Eshan Kapoor","error":"Invalid login: 535-5.7.8 Username and Password not accepted. For more information, go to\n535 5.7.8  https://support.google.com/mail/?p=BadCredentials d9443c01a7336-2b0836556f6sm203359095ad.49 - gsmtp","jobId":"69c2d3f937335c1976761492-05"}
[2026-03-24 23:42:14] ERROR: Email dispatch failed | meta={"jobId":"69c2d3f937335c1976761492-03","rollNumber":"03","error":"Invalid login: 535-5.7.8 Username and Password not accepted. For more information, go to\n535 5.7.8  https://support.google.com/mail/?p=BadCredentials d9443c01a7336-2b0836ace98sm155864855ad.80 - gsmtp"}
[2026-03-24 23:42:14] ERROR: Email dispatch failed | meta={"jobId":"69c2d3f937335c1976761492-05","rollNumber":"05","error":"Invalid login: 535-5.7.8 Username and Password not accepted. For more information, go to\n535 5.7.8  https://support.google.com/mail/?p=BadCredentials d9443c01a7336-2b0836556f6sm203359095ad.49 - gsmtp"}
[2026-03-24 23:42:14] ERROR: Email dispatch failed | meta={"jobId":"69c2d3f937335c1976761492-07","rollNumber":"07","error":"Invalid login: 535-5.7.8 Username and Password not accepted. For more information, go to\n535 5.7.8  https://support.google.com/mail/?p=BadCredentials d2e1a72fcca58-82b0409f409sm12918933b3a.31 - gsmtp"}
[2026-03-24 23:42:14] ERROR: Job failed | meta={"jobId":"69c2d3f937335c1976761492-03","attempt":1,"maxAttempts":3,"error":"Invalid login: 535-5.7.8 Username and Password not accepted. For more information, go to\n535 5.7.8  https://support.google.com/mail/?p=BadCredentials d9443c01a7336-2b0836ace98sm155864855ad.80 - gsmtp","data":{"reportId":"69c2d3f937335c1976761492","rollNumber":"03","teacherEmail":"anjali@school.edu"}}
[2026-03-24 23:42:14] ERROR: Job failed | meta={"jobId":"69c2d3f937335c1976761492-05","attempt":1,"maxAttempts":3,"error":"Invalid login: 535-5.7.8 Username and Password not accepted. For more information, go to\n535 5.7.8  https://support.google.com/mail/?p=BadCredentials d9443c01a7336-2b0836556f6sm203359095ad.49 - gsmtp","data":{"reportId":"69c2d3f937335c1976761492","rollNumber":"05","teacherEmail":"anjali@school.edu"}}
[2026-03-24 23:42:14] ERROR: Job failed | meta={"jobId":"69c2d3f937335c1976761492-07","attempt":1,"maxAttempts":3,"error":"Invalid login: 535-5.7.8 Username and Password not accepted. For more information, go to\n535 5.7.8  https://support.google.com/mail/?p=BadCredentials d2e1a72fcca58-82b0409f409sm12918933b3a.31 - gsmtp","data":{"reportId":"69c2d3f937335c1976761492","rollNumber":"07","teacherEmail":"anjali@school.edu"}}
[2026-03-24 23:42:17] ERROR: Email send failed | meta={"to":"hardik.mahajan23@pccoepune.org","student":"Ishaan Tiwari","error":"Invalid login: 535-5.7.8 Username and Password not accepted. For more information, go to\n535 5.7.8  https://support.google.com/mail/?p=BadCredentials 41be03b00d2f7-c743a81c6f6sm10738171a12.14 - gsmtp","jobId":"69c2d3f937335c1976761492-09"}
[2026-03-24 23:42:17] ERROR: Email dispatch failed | meta={"jobId":"69c2d3f937335c1976761492-09","rollNumber":"09","error":"Invalid login: 535-5.7.8 Username and Password not accepted. For more information, go to\n535 5.7.8  https://support.google.com/mail/?p=BadCredentials 41be03b00d2f7-c743a81c6f6sm10738171a12.14 - gsmtp"}
[2026-03-24 23:42:17] ERROR: Job failed | meta={"jobId":"69c2d3f937335c1976761492-09","attempt":1,"maxAttempts":3,"error":"Invalid login: 535-5.7.8 Username and Password not accepted. For more information, go to\n535 5.7.8  https://support.google.com/mail/?p=BadCredentials 41be03b00d2f7-c743a81c6f6sm10738171a12.14 - gsmtp","data":{"reportId":"69c2d3f937335c1976761492","rollNumber":"09","teacherEmail":"anjali@school.edu"}}
[2026-03-24 23:42:21] ERROR: Email send failed | meta={"to":"hardik.mahajan23@pccoepune.org","student":"Gaurav Joshi","error":"Invalid login: 535-5.7.8 Username and Password not accepted. For more information, go to\n535 5.7.8  https://support.google.com/mail/?p=BadCredentials 41be03b00d2f7-c76565c35desm4232259a12.15 - gsmtp","jobId":"69c2d3f937335c1976761492-07"}
[2026-03-24 23:42:21] ERROR: Email send failed | meta={"to":"hardik.mahajan23@pccoepune.org","student":"Chirag Mehta","error":"Invalid login: 535-5.7.8 Username and Password not accepted. For more information, go to\n535 5.7.8  https://support.google.com/mail/?p=BadCredentials d2e1a72fcca58-82b0409c11asm12486985b3a.30 - gsmtp","jobId":"69c2d3f937335c1976761492-03"}
[2026-03-24 23:42:21] ERROR: Email send failed | meta={"to":"hardik.mahajan23@pccoepune.org","student":"Eshan Kapoor","error":"Invalid login: 535-5.7.8 Username and Password not accepted. For more information, go to\n535 5.7.8  https://support.google.com/mail/?p=BadCredentials 98e67ed59e1d1-35c0dc2ad97sm44616a91.8 - gsmtp","jobId":"69c2d3f937335c1976761492-05"}
[2026-03-24 23:42:21] ERROR: Email dispatch failed | meta={"jobId":"69c2d3f937335c1976761492-07","rollNumber":"07","error":"Invalid login: 535-5.7.8 Username and Password not accepted. For more information, go to\n535 5.7.8  https://support.google.com/mail/?p=BadCredentials 41be03b00d2f7-c76565c35desm4232259a12.15 - gsmtp"}
[2026-03-24 23:42:22] ERROR: Email dispatch failed | meta={"jobId":"69c2d3f937335c1976761492-05","rollNumber":"05","error":"Invalid login: 535-5.7.8 Username and Password not accepted. For more information, go to\n535 5.7.8  https://support.google.com/mail/?p=BadCredentials 98e67ed59e1d1-35c0dc2ad97sm44616a91.8 - gsmtp"}
[2026-03-24 23:42:22] ERROR: Email dispatch failed | meta={"jobId":"69c2d3f937335c1976761492-03","rollNumber":"03","error":"Invalid login: 535-5.7.8 Username and Password not accepted. For more information, go to\n535 5.7.8  https://support.google.com/mail/?p=BadCredentials d2e1a72fcca58-82b0409c11asm12486985b3a.30 - gsmtp"}
[2026-03-24 23:42:22] ERROR: Job failed | meta={"jobId":"69c2d3f937335c1976761492-07","attempt":2,"maxAttempts":3,"error":"Invalid login: 535-5.7.8 Username and Password not accepted. For more information, go to\n535 5.7.8  https://support.google.com/mail/?p=BadCredentials 41be03b00d2f7-c76565c35desm4232259a12.15 - gsmtp","data":{"reportId":"69c2d3f937335c1976761492","rollNumber":"07","teacherEmail":"anjali@school.edu"}}
[2026-03-24 23:42:22] ERROR: Job failed | meta={"jobId":"69c2d3f937335c1976761492-05","attempt":2,"maxAttempts":3,"error":"Invalid login: 535-5.7.8 Username and Password not accepted. For more information, go to\n535 5.7.8  https://support.google.com/mail/?p=BadCredentials 98e67ed59e1d1-35c0dc2ad97sm44616a91.8 - gsmtp","data":{"reportId":"69c2d3f937335c1976761492","rollNumber":"05","teacherEmail":"anjali@school.edu"}}
[2026-03-24 23:42:22] ERROR: Job failed | meta={"jobId":"69c2d3f937335c1976761492-03","attempt":2,"maxAttempts":3,"error":"Invalid login: 535-5.7.8 Username and Password not accepted. For more information, go to\n535 5.7.8  https://support.google.com/mail/?p=BadCredentials d2e1a72fcca58-82b0409c11asm12486985b3a.30 - gsmtp","data":{"reportId":"69c2d3f937335c1976761492","rollNumber":"03","teacherEmail":"anjali@school.edu"}}
[2026-03-24 23:42:25] ERROR: Email send failed | meta={"to":"hardik.mahajan23@pccoepune.org","student":"Ishaan Tiwari","error":"Invalid login: 535-5.7.8 Username and Password not accepted. For more information, go to\n535 5.7.8  https://support.google.com/mail/?p=BadCredentials 98e67ed59e1d1-35c03134bd2sm3167887a91.5 - gsmtp","jobId":"69c2d3f937335c1976761492-09"}
[2026-03-24 23:42:25] ERROR: Email dispatch failed | meta={"jobId":"69c2d3f937335c1976761492-09","rollNumber":"09","error":"Invalid login: 535-5.7.8 Username and Password not accepted. For more information, go to\n535 5.7.8  https://support.google.com/mail/?p=BadCredentials 98e67ed59e1d1-35c03134bd2sm3167887a91.5 - gsmtp"}
[2026-03-24 23:42:25] ERROR: Job failed | meta={"jobId":"69c2d3f937335c1976761492-09","attempt":2,"maxAttempts":3,"error":"Invalid login: 535-5.7.8 Username and Password not accepted. For more information, go to\n535 5.7.8  https://support.google.com/mail/?p=BadCredentials 98e67ed59e1d1-35c03134bd2sm3167887a91.5 - gsmtp","data":{"reportId":"69c2d3f937335c1976761492","rollNumber":"09","teacherEmail":"anjali@school.edu"}}
[2026-03-24 23:42:39] ERROR: Email send failed | meta={"to":"hardik.mahajan23@pccoepune.org","student":"Gaurav Joshi","error":"Invalid login: 535-5.7.8 Username and Password not accepted. For more information, go to\n535 5.7.8  https://support.google.com/mail/?p=BadCredentials d9443c01a7336-2b083516877sm187880395ad.12 - gsmtp","jobId":"69c2d3f937335c1976761492-07"}
[2026-03-24 23:42:39] ERROR: Email send failed | meta={"to":"hardik.mahajan23@pccoepune.org","student":"Eshan Kapoor","error":"Invalid login: 535-5.7.8 Username and Password not accepted. For more information, go to\n535 5.7.8  https://support.google.com/mail/?p=BadCredentials d9443c01a7336-2b0b0975da7sm3658325ad.44 - gsmtp","jobId":"69c2d3f937335c1976761492-05"}
[2026-03-24 23:42:39] ERROR: Email send failed | meta={"to":"hardik.mahajan23@pccoepune.org","student":"Chirag Mehta","error":"Invalid login: 535-5.7.8 Username and Password not accepted. For more information, go to\n535 5.7.8  https://support.google.com/mail/?p=BadCredentials d2e1a72fcca58-82c38565096sm7904852b3a.51 - gsmtp","jobId":"69c2d3f937335c1976761492-03"}
[2026-03-24 23:42:39] ERROR: Email dispatch failed | meta={"jobId":"69c2d3f937335c1976761492-07","rollNumber":"07","error":"Invalid login: 535-5.7.8 Username and Password not accepted. For more information, go to\n535 5.7.8  https://support.google.com/mail/?p=BadCredentials d9443c01a7336-2b083516877sm187880395ad.12 - gsmtp"}
[2026-03-24 23:42:39] ERROR: Email dispatch failed | meta={"jobId":"69c2d3f937335c1976761492-05","rollNumber":"05","error":"Invalid login: 535-5.7.8 Username and Password not accepted. For more information, go to\n535 5.7.8  https://support.google.com/mail/?p=BadCredentials d9443c01a7336-2b0b0975da7sm3658325ad.44 - gsmtp"}
[2026-03-24 23:42:39] ERROR: Email dispatch failed | meta={"jobId":"69c2d3f937335c1976761492-03","rollNumber":"03","error":"Invalid login: 535-5.7.8 Username and Password not accepted. For more information, go to\n535 5.7.8  https://support.google.com/mail/?p=BadCredentials d2e1a72fcca58-82c38565096sm7904852b3a.51 - gsmtp"}
[2026-03-24 23:42:39] ERROR: Job failed | meta={"jobId":"69c2d3f937335c1976761492-07","attempt":3,"maxAttempts":3,"error":"Invalid login: 535-5.7.8 Username and Password not accepted. For more information, go to\n535 5.7.8  https://support.google.com/mail/?p=BadCredentials d9443c01a7336-2b083516877sm187880395ad.12 - gsmtp","data":{"reportId":"69c2d3f937335c1976761492","rollNumber":"07","teacherEmail":"anjali@school.edu"}}
[2026-03-24 23:42:39] ERROR: Job failed | meta={"jobId":"69c2d3f937335c1976761492-05","attempt":3,"maxAttempts":3,"error":"Invalid login: 535-5.7.8 Username and Password not accepted. For more information, go to\n535 5.7.8  https://support.google.com/mail/?p=BadCredentials d9443c01a7336-2b0b0975da7sm3658325ad.44 - gsmtp","data":{"reportId":"69c2d3f937335c1976761492","rollNumber":"05","teacherEmail":"anjali@school.edu"}}
[2026-03-24 23:42:39] ERROR: Job failed | meta={"jobId":"69c2d3f937335c1976761492-03","attempt":3,"maxAttempts":3,"error":"Invalid login: 535-5.7.8 Username and Password not accepted. For more information, go to\n535 5.7.8  https://support.google.com/mail/?p=BadCredentials d2e1a72fcca58-82c38565096sm7904852b3a.51 - gsmtp","data":{"reportId":"69c2d3f937335c1976761492","rollNumber":"03","teacherEmail":"anjali@school.edu"}}
[2026-03-24 23:42:42] ERROR: Email send failed | meta={"to":"hardik.mahajan23@pccoepune.org","student":"Ishaan Tiwari","error":"Invalid login: 535-5.7.8 Username and Password not accepted. For more information, go to\n535 5.7.8  https://support.google.com/mail/?p=BadCredentials 98e67ed59e1d1-35c031494f3sm4762605a91.8 - gsmtp","jobId":"69c2d3f937335c1976761492-09"}
[2026-03-24 23:42:42] ERROR: Email dispatch failed | meta={"jobId":"69c2d3f937335c1976761492-09","rollNumber":"09","error":"Invalid login: 535-5.7.8 Username and Password not accepted. For more information, go to\n535 5.7.8  https://support.google.com/mail/?p=BadCredentials 98e67ed59e1d1-35c031494f3sm4762605a91.8 - gsmtp"}
[2026-03-24 23:42:43] ERROR: Job failed | meta={"jobId":"69c2d3f937335c1976761492-09","attempt":3,"maxAttempts":3,"error":"Invalid login: 535-5.7.8 Username and Password not accepted. For more information, go to\n535 5.7.8  https://support.google.com/mail/?p=BadCredentials 98e67ed59e1d1-35c031494f3sm4762605a91.8 - gsmtp","data":{"reportId":"69c2d3f937335c1976761492","rollNumber":"09","teacherEmail":"anjali@school.edu"}}
[2026-03-25 09:17:08] ERROR: Email send failed | meta={"to":"hardik.mahajan23@pccoepune.org","student":"Eshan Kapoor","error":"connect ETIMEDOUT 192.178.211.109:587","jobId":"69c35a6a7ebcde98d2e0999c-05"}
[2026-03-25 09:17:08] ERROR: Email send failed | meta={"to":"hardik.mahajan23@pccoepune.org","student":"Chirag Mehta","error":"connect ETIMEDOUT 192.178.211.109:587","jobId":"69c35a6a7ebcde98d2e0999c-03"}
[2026-03-25 09:17:08] ERROR: Email send failed | meta={"to":"hardik.mahajan23@pccoepune.org","student":"Gaurav Joshi","error":"connect ETIMEDOUT 192.178.211.109:587","jobId":"69c35a6a7ebcde98d2e0999c-07"}
[2026-03-25 09:17:08] ERROR: Email dispatch failed | meta={"jobId":"69c35a6a7ebcde98d2e0999c-05","rollNumber":"05","error":"connect ETIMEDOUT 192.178.211.109:587"}
[2026-03-25 09:17:08] ERROR: Email dispatch failed | meta={"jobId":"69c35a6a7ebcde98d2e0999c-03","rollNumber":"03","error":"connect ETIMEDOUT 192.178.211.109:587"}
[2026-03-25 09:17:08] ERROR: Email dispatch failed | meta={"jobId":"69c35a6a7ebcde98d2e0999c-07","rollNumber":"07","error":"connect ETIMEDOUT 192.178.211.109:587"}
[2026-03-25 09:17:08] ERROR: Job failed | meta={"jobId":"69c35a6a7ebcde98d2e0999c-05","attempt":1,"maxAttempts":3,"error":"connect ETIMEDOUT 192.178.211.109:587","data":{"reportId":"69c35a6a7ebcde98d2e0999c","rollNumber":"05","teacherEmail":"anjali@school.edu"}}
[2026-03-25 09:17:08] ERROR: Job failed | meta={"jobId":"69c35a6a7ebcde98d2e0999c-03","attempt":1,"maxAttempts":3,"error":"connect ETIMEDOUT 192.178.211.109:587","data":{"reportId":"69c35a6a7ebcde98d2e0999c","rollNumber":"03","teacherEmail":"anjali@school.edu"}}
[2026-03-25 09:17:08] ERROR: Job failed | meta={"jobId":"69c35a6a7ebcde98d2e0999c-07","attempt":1,"maxAttempts":3,"error":"connect ETIMEDOUT 192.178.211.109:587","data":{"reportId":"69c35a6a7ebcde98d2e0999c","rollNumber":"07","teacherEmail":"anjali@school.edu"}}
[2026-03-25 09:18:24] ERROR: Email send failed | meta={"to":"hardik.mahajan23@pccoepune.org","student":"Ishaan Tiwari","error":"connect ETIMEDOUT 192.178.211.109:587","jobId":"69c35a6a7ebcde98d2e0999c-09"}
[2026-03-25 09:18:24] ERROR: Email dispatch failed | meta={"jobId":"69c35a6a7ebcde98d2e0999c-09","rollNumber":"09","error":"connect ETIMEDOUT 192.178.211.109:587"}
[2026-03-25 09:18:24] ERROR: Job failed | meta={"jobId":"69c35a6a7ebcde98d2e0999c-09","attempt":1,"maxAttempts":3,"error":"connect ETIMEDOUT 192.178.211.109:587","data":{"reportId":"69c35a6a7ebcde98d2e0999c","rollNumber":"09","teacherEmail":"anjali@school.edu"}}
[2026-03-25 09:18:28] ERROR: Email send failed | meta={"to":"hardik.mahajan23@pccoepune.org","student":"Eshan Kapoor","error":"connect ETIMEDOUT 192.178.211.109:587","jobId":"69c35a6a7ebcde98d2e0999c-05"}
[2026-03-25 09:18:28] ERROR: Email send failed | meta={"to":"hardik.mahajan23@pccoepune.org","student":"Chirag Mehta","error":"connect ETIMEDOUT 192.178.211.109:587","jobId":"69c35a6a7ebcde98d2e0999c-03"}
[2026-03-25 09:18:28] ERROR: Email dispatch failed | meta={"jobId":"69c35a6a7ebcde98d2e0999c-05","rollNumber":"05","error":"connect ETIMEDOUT 192.178.211.109:587"}
[2026-03-25 09:18:28] ERROR: Email dispatch failed | meta={"jobId":"69c35a6a7ebcde98d2e0999c-03","rollNumber":"03","error":"connect ETIMEDOUT 192.178.211.109:587"}
[2026-03-25 09:18:28] ERROR: Job failed | meta={"jobId":"69c35a6a7ebcde98d2e0999c-05","attempt":2,"maxAttempts":3,"error":"connect ETIMEDOUT 192.178.211.109:587","data":{"reportId":"69c35a6a7ebcde98d2e0999c","rollNumber":"05","teacherEmail":"anjali@school.edu"}}
[2026-03-25 09:18:28] ERROR: Job failed | meta={"jobId":"69c35a6a7ebcde98d2e0999c-03","attempt":2,"maxAttempts":3,"error":"connect ETIMEDOUT 192.178.211.109:587","data":{"reportId":"69c35a6a7ebcde98d2e0999c","rollNumber":"03","teacherEmail":"anjali@school.edu"}}
[2026-03-25 09:19:39] ERROR: Email send failed | meta={"to":"hardik.mahajan23@pccoepune.org","student":"Gaurav Joshi","error":"connect ETIMEDOUT 192.178.211.109:587","jobId":"69c35a6a7ebcde98d2e0999c-07"}
[2026-03-25 09:19:39] ERROR: Email dispatch failed | meta={"jobId":"69c35a6a7ebcde98d2e0999c-07","rollNumber":"07","error":"connect ETIMEDOUT 192.178.211.109:587"}
[2026-03-25 09:19:39] ERROR: Job failed | meta={"jobId":"69c35a6a7ebcde98d2e0999c-07","attempt":2,"maxAttempts":3,"error":"connect ETIMEDOUT 192.178.211.109:587","data":{"reportId":"69c35a6a7ebcde98d2e0999c","rollNumber":"07","teacherEmail":"anjali@school.edu"}}
[2026-03-25 09:19:44] ERROR: Email send failed | meta={"to":"hardik.mahajan23@pccoepune.org","student":"Ishaan Tiwari","error":"connect ETIMEDOUT 192.178.211.109:587","jobId":"69c35a6a7ebcde98d2e0999c-09"}
[2026-03-25 09:19:44] ERROR: Email dispatch failed | meta={"jobId":"69c35a6a7ebcde98d2e0999c-09","rollNumber":"09","error":"connect ETIMEDOUT 192.178.211.109:587"}
[2026-03-25 09:19:44] ERROR: Job failed | meta={"jobId":"69c35a6a7ebcde98d2e0999c-09","attempt":2,"maxAttempts":3,"error":"connect ETIMEDOUT 192.178.211.109:587","data":{"reportId":"69c35a6a7ebcde98d2e0999c","rollNumber":"09","teacherEmail":"anjali@school.edu"}}
[2026-03-25 09:19:58] ERROR: Email send failed | meta={"to":"hardik.mahajan23@pccoepune.org","student":"Eshan Kapoor","error":"connect ETIMEDOUT 192.178.211.109:587","jobId":"69c35a6a7ebcde98d2e0999c-05"}
[2026-03-25 09:19:58] ERROR: Email dispatch failed | meta={"jobId":"69c35a6a7ebcde98d2e0999c-05","rollNumber":"05","error":"connect ETIMEDOUT 192.178.211.109:587"}
[2026-03-25 09:19:58] ERROR: Job failed | meta={"jobId":"69c35a6a7ebcde98d2e0999c-05","attempt":3,"maxAttempts":3,"error":"connect ETIMEDOUT 192.178.211.109:587","data":{"reportId":"69c35a6a7ebcde98d2e0999c","rollNumber":"05","teacherEmail":"anjali@school.edu"}}
